{"/Users/tomkandula/Downloads/Projects/Tokan/__NotDeployed/Microsoft/variable-substitution/src/operations/envVariableUtility.ts":{"path":"/Users/tomkandula/Downloads/Projects/Tokan/__NotDeployed/Microsoft/variable-substitution/src/operations/envVariableUtility.ts","statementMap":{"0":{"start":{"line":2,"column":0},"end":{"line":2,"column":62}},"1":{"start":{"line":3,"column":0},"end":{"line":3,"column":125}},"2":{"start":{"line":5,"column":30},"end":{"line":5,"column":88}},"3":{"start":{"line":6,"column":4},"end":{"line":10,"column":5}},"4":{"start":{"line":7,"column":8},"end":{"line":9,"column":9}},"5":{"start":{"line":8,"column":12},"end":{"line":8,"column":24}},"6":{"start":{"line":11,"column":4},"end":{"line":11,"column":17}},"7":{"start":{"line":13,"column":0},"end":{"line":13,"column":52}},"8":{"start":{"line":15,"column":22},"end":{"line":15,"column":31}},"9":{"start":{"line":16,"column":20},"end":{"line":16,"column":31}},"10":{"start":{"line":17,"column":4},"end":{"line":21,"column":7}},"11":{"start":{"line":18,"column":8},"end":{"line":20,"column":9}},"12":{"start":{"line":19,"column":12},"end":{"line":19,"column":49}},"13":{"start":{"line":22,"column":4},"end":{"line":22,"column":23}},"14":{"start":{"line":24,"column":0},"end":{"line":24,"column":40}},"15":{"start":{"line":26,"column":4},"end":{"line":27,"column":20}},"16":{"start":{"line":27,"column":8},"end":{"line":27,"column":20}},"17":{"start":{"line":28,"column":4},"end":{"line":28,"column":17}},"18":{"start":{"line":30,"column":0},"end":{"line":30,"column":26}},"19":{"start":{"line":32,"column":4},"end":{"line":34,"column":5}},"20":{"start":{"line":33,"column":8},"end":{"line":33,"column":21}},"21":{"start":{"line":35,"column":4},"end":{"line":35,"column":16}},"22":{"start":{"line":37,"column":0},"end":{"line":37,"column":28}},"23":{"start":{"line":40,"column":8},"end":{"line":40,"column":31}},"24":{"start":{"line":43,"column":19},"end":{"line":43,"column":39}},"25":{"start":{"line":44,"column":8},"end":{"line":46,"column":9}},"26":{"start":{"line":45,"column":12},"end":{"line":45,"column":67}},"27":{"start":{"line":47,"column":8},"end":{"line":47,"column":31}},"28":{"start":{"line":52,"column":25},"end":{"line":58,"column":9}},"29":{"start":{"line":59,"column":8},"end":{"line":74,"column":9}},"30":{"start":{"line":60,"column":37},"end":{"line":60,"column":47}},"31":{"start":{"line":61,"column":39},"end":{"line":61,"column":53}},"32":{"start":{"line":62,"column":12},"end":{"line":71,"column":13}},"33":{"start":{"line":63,"column":16},"end":{"line":69,"column":17}},"34":{"start":{"line":64,"column":20},"end":{"line":68,"column":22}},"35":{"start":{"line":70,"column":16},"end":{"line":70,"column":76}},"36":{"start":{"line":72,"column":12},"end":{"line":72,"column":44}},"37":{"start":{"line":73,"column":12},"end":{"line":73,"column":45}},"38":{"start":{"line":75,"column":8},"end":{"line":75,"column":26}},"39":{"start":{"line":78,"column":8},"end":{"line":80,"column":9}},"40":{"start":{"line":79,"column":12},"end":{"line":79,"column":30}},"41":{"start":{"line":81,"column":8},"end":{"line":83,"column":9}},"42":{"start":{"line":82,"column":12},"end":{"line":82,"column":29}},"43":{"start":{"line":84,"column":8},"end":{"line":84,"column":124}},"44":{"start":{"line":87,"column":0},"end":{"line":87,"column":40}}},"fnMap":{"0":{"name":"isPredefinedVariable","decl":{"start":{"line":4,"column":9},"end":{"line":4,"column":29}},"loc":{"start":{"line":4,"column":40},"end":{"line":12,"column":1}},"line":4},"1":{"name":"getVariableMap","decl":{"start":{"line":14,"column":9},"end":{"line":14,"column":23}},"loc":{"start":{"line":14,"column":26},"end":{"line":23,"column":1}},"line":14},"2":{"name":"(anonymous_2)","decl":{"start":{"line":17,"column":35},"end":{"line":17,"column":36}},"loc":{"start":{"line":17,"column":42},"end":{"line":21,"column":5}},"line":17},"3":{"name":"isEmpty","decl":{"start":{"line":25,"column":9},"end":{"line":25,"column":16}},"loc":{"start":{"line":25,"column":25},"end":{"line":29,"column":1}},"line":25},"4":{"name":"isObject","decl":{"start":{"line":31,"column":9},"end":{"line":31,"column":17}},"loc":{"start":{"line":31,"column":26},"end":{"line":36,"column":1}},"line":31},"5":{"name":"(anonymous_5)","decl":{"start":{"line":39,"column":4},"end":{"line":39,"column":5}},"loc":{"start":{"line":39,"column":18},"end":{"line":41,"column":5}},"line":39},"6":{"name":"(anonymous_6)","decl":{"start":{"line":42,"column":4},"end":{"line":42,"column":5}},"loc":{"start":{"line":42,"column":27},"end":{"line":48,"column":5}},"line":42},"7":{"name":"(anonymous_7)","decl":{"start":{"line":49,"column":4},"end":{"line":49,"column":5}},"loc":{"start":{"line":49,"column":32},"end":{"line":76,"column":5}},"line":49},"8":{"name":"(anonymous_8)","decl":{"start":{"line":77,"column":4},"end":{"line":77,"column":5}},"loc":{"start":{"line":77,"column":76},"end":{"line":85,"column":5}},"line":77}},"branchMap":{"0":{"loc":{"start":{"line":7,"column":8},"end":{"line":9,"column":9}},"type":"if","locations":[{"start":{"line":7,"column":8},"end":{"line":9,"column":9}},{"start":{"line":7,"column":8},"end":{"line":9,"column":9}}],"line":7},"1":{"loc":{"start":{"line":18,"column":8},"end":{"line":20,"column":9}},"type":"if","locations":[{"start":{"line":18,"column":8},"end":{"line":20,"column":9}},{"start":{"line":18,"column":8},"end":{"line":20,"column":9}}],"line":18},"2":{"loc":{"start":{"line":26,"column":4},"end":{"line":27,"column":20}},"type":"if","locations":[{"start":{"line":26,"column":4},"end":{"line":27,"column":20}},{"start":{"line":26,"column":4},"end":{"line":27,"column":20}}],"line":26},"3":{"loc":{"start":{"line":26,"column":8},"end":{"line":26,"column":38}},"type":"binary-expr","locations":[{"start":{"line":26,"column":8},"end":{"line":26,"column":22}},{"start":{"line":26,"column":26},"end":{"line":26,"column":38}}],"line":26},"4":{"loc":{"start":{"line":32,"column":4},"end":{"line":34,"column":5}},"type":"if","locations":[{"start":{"line":32,"column":4},"end":{"line":34,"column":5}},{"start":{"line":32,"column":4},"end":{"line":34,"column":5}}],"line":32},"5":{"loc":{"start":{"line":32,"column":8},"end":{"line":32,"column":69}},"type":"binary-expr","locations":[{"start":{"line":32,"column":8},"end":{"line":32,"column":22}},{"start":{"line":32,"column":26},"end":{"line":32,"column":38}},{"start":{"line":32,"column":42},"end":{"line":32,"column":69}}],"line":32},"6":{"loc":{"start":{"line":44,"column":8},"end":{"line":46,"column":9}},"type":"if","locations":[{"start":{"line":44,"column":8},"end":{"line":46,"column":9}},{"start":{"line":44,"column":8},"end":{"line":46,"column":9}}],"line":44},"7":{"loc":{"start":{"line":63,"column":16},"end":{"line":69,"column":17}},"type":"if","locations":[{"start":{"line":63,"column":16},"end":{"line":69,"column":17}},{"start":{"line":63,"column":16},"end":{"line":69,"column":17}}],"line":63},"8":{"loc":{"start":{"line":63,"column":20},"end":{"line":63,"column":136}},"type":"binary-expr","locations":[{"start":{"line":63,"column":20},"end":{"line":63,"column":72}},{"start":{"line":63,"column":76},"end":{"line":63,"column":136}}],"line":63},"9":{"loc":{"start":{"line":78,"column":8},"end":{"line":80,"column":9}},"type":"if","locations":[{"start":{"line":78,"column":8},"end":{"line":80,"column":9}},{"start":{"line":78,"column":8},"end":{"line":80,"column":9}}],"line":78},"10":{"loc":{"start":{"line":81,"column":8},"end":{"line":83,"column":9}},"type":"if","locations":[{"start":{"line":81,"column":8},"end":{"line":83,"column":9}},{"start":{"line":81,"column":8},"end":{"line":83,"column":9}}],"line":81},"11":{"loc":{"start":{"line":81,"column":12},"end":{"line":81,"column":128}},"type":"binary-expr","locations":[{"start":{"line":81,"column":12},"end":{"line":81,"column":64}},{"start":{"line":81,"column":68},"end":{"line":81,"column":128}}],"line":81}},"s":{"0":1,"1":1,"2":219,"3":219,"4":876,"5":1,"6":218,"7":1,"8":3,"9":3,"10":3,"11":204,"12":204,"13":3,"14":1,"15":68,"16":4,"17":64,"18":1,"19":175,"20":68,"21":107,"22":1,"23":5,"24":2,"25":2,"26":2,"27":2,"28":2,"29":2,"30":136,"31":136,"32":136,"33":136,"34":136,"35":136,"36":136,"37":136,"38":2,"39":47,"40":17,"41":30,"42":10,"43":20,"44":1},"f":{"0":219,"1":3,"2":204,"3":68,"4":175,"5":5,"6":2,"7":2,"8":47},"b":{"0":[1,875],"1":[204,0],"2":[4,64],"3":[68,64],"4":[68,107],"5":[175,175,175],"6":[2,0],"7":[136,0],"8":[136,0],"9":[17,30],"10":[10,20],"11":[30,20]},"inputSourceMap":{"version":3,"file":"/Users/tomkandula/Downloads/Projects/Tokan/__NotDeployed/Microsoft/variable-substitution/src/operations/envVariableUtility.ts","sources":["/Users/tomkandula/Downloads/Projects/Tokan/__NotDeployed/Microsoft/variable-substitution/src/operations/envVariableUtility.ts"],"names":[],"mappings":";;;AAAA,SAAgB,oBAAoB,CAAC,QAAgB;IACjD,IAAI,mBAAmB,GAAG,CAAC,SAAS,EAAE,uBAAuB,EAAE,SAAS,EAAE,SAAS,CAAC,CAAC;IACrF,KAAI,IAAI,SAAS,IAAI,mBAAmB,EAAE;QACtC,IAAG,QAAQ,CAAC,WAAW,EAAE,CAAC,UAAU,CAAC,SAAS,CAAC,EAAE;YAC7C,OAAO,IAAI,CAAC;SACf;KACJ;IACD,OAAO,KAAK,CAAC;AACjB,CAAC;AARD,oDAQC;AAED,SAAgB,cAAc;IAC1B,IAAI,WAAW,GAAG,IAAI,GAAG,EAAE,CAAC;IAC5B,IAAI,SAAS,GAAG,OAAO,CAAC,GAAG,CAAC;IAC5B,MAAM,CAAC,IAAI,CAAC,SAAS,CAAC,CAAC,OAAO,CAAC,GAAG,CAAC,EAAE;QACjC,IAAG,CAAC,oBAAoB,CAAC,GAAG,CAAC,EAAE;YAC3B,WAAW,CAAC,GAAG,CAAC,GAAG,EAAE,SAAS,CAAC,GAAG,CAAC,CAAC,CAAC;SACxC;IACL,CAAC,CAAC,CAAC;IACH,OAAO,WAAW,CAAC;AACvB,CAAC;AATD,wCASC;AAED,SAAgB,OAAO,CAAC,MAAM;IAC1B,IAAG,MAAM,IAAI,IAAI,IAAI,MAAM,IAAI,EAAE;QAC7B,OAAO,IAAI,CAAC;IAChB,OAAO,KAAK,CAAC;AACjB,CAAC;AAJD,0BAIC;AAED,SAAgB,QAAQ,CAAC,MAAM;IAC3B,IAAG,MAAM,IAAI,IAAI,IAAI,MAAM,IAAI,EAAE,IAAI,OAAM,CAAC,MAAM,CAAC,IAAI,QAAQ,EAAC;QAC5D,OAAO,KAAK,CAAC;KAChB;IACD,OAAO,IAAI,CAAC;AAChB,CAAC;AALD,4BAKC;AAQD,MAAa,cAAc;IAA3B;QAmDY,eAAU,GAAgB,IAAI,CAAC;IAC3C,CAAC;IAlDU,MAAM,CAAC,aAAa;QACvB,IAAI,IAAI,GAAG,IAAI,cAAc,EAAE,CAAC;QAChC,IAAG,CAAC,IAAI,CAAC,UAAU,EAAE;YACjB,IAAI,CAAC,UAAU,GAAG,IAAI,CAAC,aAAa,CAAC,cAAc,EAAE,CAAC,CAAC;SAC1D;QAED,OAAO,IAAI,CAAC,UAAU,CAAC;IAC3B,CAAC;IAEO,aAAa,CAAC,YAAY;QAC9B,sEAAsE;QACtE,6FAA6F;QAC7F,IAAI,UAAU,GAAgB;YAC1B,KAAK,EAAE,IAAI;YACX,KAAK,EAAE,KAAK;YACZ,KAAK,EAAE;gBACH,WAAW,EAAE,IAAI;aACpB;SACJ,CAAC;QACF,KAAI,IAAI,CAAC,GAAG,EAAE,KAAK,CAAC,IAAI,YAAY,CAAC,OAAO,EAAE,EAAE;YAC5C,IAAI,kBAAkB,GAAG,UAAU,CAAC;YACpC,IAAI,oBAAoB,GAAG,GAAG,CAAC,KAAK,CAAC,GAAG,CAAC,CAAC;YAE1C,KAAI,IAAI,YAAY,IAAI,oBAAoB,EAAE;gBAC1C,IAAG,kBAAkB,CAAC,KAAK,CAAC,YAAY,CAAC,KAAK,SAAS,IAAI,OAAO,kBAAkB,CAAC,KAAK,CAAC,YAAY,CAAC,KAAK,UAAU,EAAE;oBACrH,kBAAkB,CAAC,KAAK,CAAC,YAAY,CAAC,GAAG;wBACrC,KAAK,EAAE,IAAI;wBACX,KAAK,EAAE,KAAK;wBACZ,KAAK,EAAE,EAAE;qBACZ,CAAC;iBACL;gBACD,kBAAkB,GAAG,kBAAkB,CAAC,KAAK,CAAC,YAAY,CAAC,CAAC;aAC/D;YACD,kBAAkB,CAAC,KAAK,GAAG,IAAI,CAAC;YAChC,kBAAkB,CAAC,KAAK,GAAG,KAAK,CAAC;SACpC;QACD,OAAO,UAAU,CAAC;IACtB,CAAC;IAED,gBAAgB,CAAC,aAAa,EAAE,KAAK,EAAE,mBAAmB,EAAE,UAAU;QAClE,IAAG,KAAK,IAAI,mBAAmB,EAAE;YAC7B,OAAO,UAAU,CAAC;SACrB;QACD,IAAG,UAAU,CAAC,KAAK,CAAE,aAAa,CAAC,KAAK,CAAC,CAAE,KAAK,SAAS,IAAI,OAAO,UAAU,CAAC,KAAK,CAAE,aAAa,CAAC,KAAK,CAAC,CAAE,KAAK,UAAU,EAAE;YACzH,OAAO,SAAS,CAAC;SACrB;QACA,OAAO,IAAI,CAAC,gBAAgB,CAAC,aAAa,EAAE,KAAK,GAAG,CAAC,EAAE,mBAAmB,EAAE,UAAU,CAAC,KAAK,CAAE,aAAa,CAAC,KAAK,CAAC,CAAE,CAAC,CAAC;IAC1H,CAAC;CAGJ;AApDD,wCAoDC","sourcesContent":["export function isPredefinedVariable(variable: string): boolean {\r\n    let predefinedVarPrefix = ['runner.', 'azure_http_user_agent', 'common.', 'system.'];\r\n    for(let varPrefix of predefinedVarPrefix) {\r\n        if(variable.toLowerCase().startsWith(varPrefix)) {\r\n            return true;\r\n        }\r\n    }\r\n    return false;\r\n}\r\n\r\nexport function getVariableMap() {\r\n    let variableMap = new Map();\r\n    let variables = process.env;\r\n    Object.keys(variables).forEach(key => {\r\n        if(!isPredefinedVariable(key)) {\r\n            variableMap.set(key, variables[key]);\r\n        }\r\n    });\r\n    return variableMap;\r\n}\r\n\r\nexport function isEmpty(object){\r\n    if(object == null || object == \"\")\r\n        return true;\r\n    return false;\r\n}\r\n\r\nexport function isObject(object){\r\n    if(object == null || object == \"\" || typeof(object) != 'object'){\r\n        return false;\r\n    }\r\n    return true;\r\n}\r\n\r\ninterface varTreeNode {\r\n    value: any,\r\n    isEnd: boolean,\r\n    child: any\r\n}\r\n\r\nexport class EnvTreeUtility {\r\n\r\n    public static getEnvVarTree() {\r\n        let util = new EnvTreeUtility();\r\n        if(!util.envVarTree) {\r\n            util.envVarTree = util.createEnvTree(getVariableMap());\r\n        }\r\n\r\n        return util.envVarTree;\r\n    }\r\n\r\n    private createEnvTree(envVariables): varTreeNode {\r\n        // __proto__ is marked as null, so that custom object can be assgined.\r\n        // This replacement do not affect the JSON object, as no inbuilt JSON function is referenced.\r\n        let envVarTree: varTreeNode = {\r\n            value: null,\r\n            isEnd: false,\r\n            child: {\r\n                '__proto__': null\r\n            }\r\n        };\r\n        for(let [key, value] of envVariables.entries()) {\r\n            let envVarTreeIterator = envVarTree;\r\n            let envVariableNameArray = key.split('.');\r\n            \r\n            for(let variableName of envVariableNameArray) {\r\n                if(envVarTreeIterator.child[variableName] === undefined || typeof envVarTreeIterator.child[variableName] === 'function') {\r\n                    envVarTreeIterator.child[variableName] = {\r\n                        value: null,\r\n                        isEnd: false,\r\n                        child: {}\r\n                    };\r\n                }\r\n                envVarTreeIterator = envVarTreeIterator.child[variableName];\r\n            }\r\n            envVarTreeIterator.isEnd = true;\r\n            envVarTreeIterator.value = value;\r\n        }\r\n        return envVarTree;\r\n    }\r\n\r\n    checkEnvTreePath(jsonObjectKey, index, jsonObjectKeyLength, envVarTree) {\r\n        if(index == jsonObjectKeyLength) {\r\n            return envVarTree;\r\n        }\r\n        if(envVarTree.child[ jsonObjectKey[index] ] === undefined || typeof envVarTree.child[ jsonObjectKey[index] ] === 'function') {\r\n            return undefined;\r\n       }\r\n        return this.checkEnvTreePath(jsonObjectKey, index + 1, jsonObjectKeyLength, envVarTree.child[ jsonObjectKey[index] ]);\r\n    }\r\n\r\n    private envVarTree: varTreeNode = null;\r\n}"]},"_coverageSchema":"1a1c01bbd47fc00a2c39e90264f33305004495a9","hash":"15b84fe4bdb5220e6f4c1b4351d74cebbfdc5c75"},"/Users/tomkandula/Downloads/Projects/Tokan/__NotDeployed/Microsoft/variable-substitution/src/operations/jsonVariableSubstitutionUtility.ts":{"path":"/Users/tomkandula/Downloads/Projects/Tokan/__NotDeployed/Microsoft/variable-substitution/src/operations/jsonVariableSubstitutionUtility.ts","statementMap":{"0":{"start":{"line":2,"column":0},"end":{"line":2,"column":62}},"1":{"start":{"line":3,"column":0},"end":{"line":3,"column":34}},"2":{"start":{"line":4,"column":13},"end":{"line":4,"column":37}},"3":{"start":{"line":5,"column":29},"end":{"line":5,"column":60}},"4":{"start":{"line":8,"column":8},"end":{"line":8,"column":69}},"5":{"start":{"line":11,"column":29},"end":{"line":11,"column":34}},"6":{"start":{"line":12,"column":8},"end":{"line":47,"column":9}},"7":{"start":{"line":13,"column":33},"end":{"line":13,"column":53}},"8":{"start":{"line":14,"column":29},"end":{"line":14,"column":115}},"9":{"start":{"line":15,"column":12},"end":{"line":46,"column":13}},"10":{"start":{"line":16,"column":16},"end":{"line":45,"column":17}},"11":{"start":{"line":17,"column":20},"end":{"line":40,"column":21}},"12":{"start":{"line":19,"column":28},"end":{"line":19,"column":105}},"13":{"start":{"line":20,"column":28},"end":{"line":20,"column":123}},"14":{"start":{"line":21,"column":28},"end":{"line":21,"column":34}},"15":{"start":{"line":23,"column":28},"end":{"line":23,"column":106}},"16":{"start":{"line":24,"column":28},"end":{"line":24,"column":147}},"17":{"start":{"line":25,"column":28},"end":{"line":25,"column":34}},"18":{"start":{"line":28,"column":28},"end":{"line":35,"column":29}},"19":{"start":{"line":29,"column":32},"end":{"line":29,"column":109}},"20":{"start":{"line":30,"column":32},"end":{"line":30,"column":85}},"21":{"start":{"line":33,"column":32},"end":{"line":33,"column":107}},"22":{"start":{"line":34,"column":32},"end":{"line":34,"column":73}},"23":{"start":{"line":36,"column":28},"end":{"line":36,"column":34}},"24":{"start":{"line":38,"column":28},"end":{"line":38,"column":105}},"25":{"start":{"line":39,"column":28},"end":{"line":39,"column":69}},"26":{"start":{"line":41,"column":20},"end":{"line":41,"column":42}},"27":{"start":{"line":44,"column":20},"end":{"line":44,"column":118}},"28":{"start":{"line":48,"column":8},"end":{"line":48,"column":30}},"29":{"start":{"line":51,"column":0},"end":{"line":51,"column":44}}},"fnMap":{"0":{"name":"(anonymous_0)","decl":{"start":{"line":7,"column":4},"end":{"line":7,"column":5}},"loc":{"start":{"line":7,"column":18},"end":{"line":9,"column":5}},"line":7},"1":{"name":"(anonymous_1)","decl":{"start":{"line":10,"column":4},"end":{"line":10,"column":5}},"loc":{"start":{"line":10,"column":50},"end":{"line":49,"column":5}},"line":10}},"branchMap":{"0":{"loc":{"start":{"line":15,"column":12},"end":{"line":46,"column":13}},"type":"if","locations":[{"start":{"line":15,"column":12},"end":{"line":46,"column":13}},{"start":{"line":15,"column":12},"end":{"line":46,"column":13}}],"line":15},"1":{"loc":{"start":{"line":16,"column":16},"end":{"line":45,"column":17}},"type":"if","locations":[{"start":{"line":16,"column":16},"end":{"line":45,"column":17}},{"start":{"line":16,"column":16},"end":{"line":45,"column":17}}],"line":16},"2":{"loc":{"start":{"line":17,"column":20},"end":{"line":40,"column":21}},"type":"switch","locations":[{"start":{"line":18,"column":24},"end":{"line":21,"column":34}},{"start":{"line":22,"column":24},"end":{"line":25,"column":34}},{"start":{"line":26,"column":24},"end":{"line":26,"column":38}},{"start":{"line":27,"column":24},"end":{"line":36,"column":34}},{"start":{"line":37,"column":24},"end":{"line":39,"column":69}}],"line":17},"3":{"loc":{"start":{"line":20,"column":52},"end":{"line":20,"column":122}},"type":"cond-expr","locations":[{"start":{"line":20,"column":79},"end":{"line":20,"column":103}},{"start":{"line":20,"column":106},"end":{"line":20,"column":122}}],"line":20},"4":{"loc":{"start":{"line":24,"column":53},"end":{"line":24,"column":145}},"type":"cond-expr","locations":[{"start":{"line":24,"column":82},"end":{"line":24,"column":86}},{"start":{"line":24,"column":90},"end":{"line":24,"column":144}}],"line":24},"5":{"loc":{"start":{"line":24,"column":90},"end":{"line":24,"column":144}},"type":"cond-expr","locations":[{"start":{"line":24,"column":120},"end":{"line":24,"column":125}},{"start":{"line":24,"column":128},"end":{"line":24,"column":144}}],"line":24},"6":{"loc":{"start":{"line":44,"column":37},"end":{"line":44,"column":117}},"type":"binary-expr","locations":[{"start":{"line":44,"column":37},"end":{"line":44,"column":99}},{"start":{"line":44,"column":103},"end":{"line":44,"column":117}}],"line":44}},"s":{"0":1,"1":1,"2":1,"3":1,"4":3,"5":7,"6":7,"7":27,"8":27,"9":27,"10":17,"11":13,"12":2,"13":2,"14":2,"15":1,"16":1,"17":1,"18":3,"19":3,"20":3,"21":1,"22":1,"23":3,"24":7,"25":7,"26":13,"27":4,"28":7,"29":1},"f":{"0":3,"1":7},"b":{"0":[17,10],"1":[13,4],"2":[2,1,3,3,7],"3":[2,0],"4":[0,1],"5":[1,0],"6":[4,0]},"inputSourceMap":{"version":3,"file":"/Users/tomkandula/Downloads/Projects/Tokan/__NotDeployed/Microsoft/variable-substitution/src/operations/jsonVariableSubstitutionUtility.ts","sources":["/Users/tomkandula/Downloads/Projects/Tokan/__NotDeployed/Microsoft/variable-substitution/src/operations/jsonVariableSubstitutionUtility.ts"],"names":[],"mappings":";;;AAAA,sCAAuC;AAEvC,6DAAsD;AAEtD,MAAa,gBAAgB;IACzB;QACI,IAAI,CAAC,WAAW,GAAG,IAAI,mCAAc,EAAE,CAAC;IAC5C,CAAC;IAED,sBAAsB,CAAC,UAAU,EAAE,SAAS;QACxC,IAAI,cAAc,GAAY,KAAK,CAAC;QACpC,KAAI,IAAI,SAAS,IAAI,UAAU,EAAE;YAC7B,IAAI,cAAc,GAAG,SAAS,CAAC,KAAK,CAAC,GAAG,CAAC,CAAC;YAC1C,IAAI,UAAU,GAAG,IAAI,CAAC,WAAW,CAAC,gBAAgB,CAAC,cAAc,EAAE,CAAC,EAAE,cAAc,CAAC,MAAM,EAAE,SAAS,CAAC,CAAC;YACxG,IAAG,UAAU,IAAI,SAAS,EAAE;gBACxB,IAAG,UAAU,CAAC,KAAK,EAAE;oBACjB,QAAO,OAAM,CAAC,UAAU,CAAC,SAAS,CAAC,CAAC,EAAE;wBAClC,KAAK,QAAQ;4BACT,OAAO,CAAC,GAAG,CAAC,kCAAkC,EAAE,SAAS,EAAG,UAAU,CAAC,KAAK,CAAC,CAAC;4BAC9E,UAAU,CAAC,SAAS,CAAC,GAAG,CAAC,KAAK,CAAC,UAAU,CAAC,KAAK,CAAC,CAAC,CAAC,CAAC,MAAM,CAAC,UAAU,CAAC,KAAK,CAAC,CAAA,CAAC,CAAC,UAAU,CAAC,KAAK,CAAC;4BAC9F,MAAM;wBACV,KAAK,SAAS;4BACV,OAAO,CAAC,GAAG,CAAC,mCAAmC,EAAG,SAAS,EAAG,UAAU,CAAC,KAAK,CAAC,CAAC;4BAChF,UAAU,CAAC,SAAS,CAAC,GAAG,CACpB,UAAU,CAAC,KAAK,IAAI,MAAM,CAAC,CAAC,CAAC,IAAI,CAAC,CAAC,CAAC,CAAC,UAAU,CAAC,KAAK,IAAI,OAAO,CAAC,CAAC,CAAC,KAAK,CAAC,CAAC,CAAC,UAAU,CAAC,KAAK,CAAC,CAC/F,CAAA;4BACD,MAAM;wBACV,KAAK,QAAQ,CAAC;wBACd,KAAK,IAAI;4BACL,IAAI;gCACA,OAAO,CAAC,GAAG,CAAC,kCAAkC,EAAG,SAAS,EAAG,UAAU,CAAC,KAAK,CAAC,CAAC;gCAC/E,UAAU,CAAC,SAAS,CAAC,GAAG,IAAI,CAAC,KAAK,CAAC,UAAU,CAAC,KAAK,CAAC,CAAC;6BACxD;4BACD,OAAM,SAAS,EAAE;gCACb,IAAI,CAAC,KAAK,CAAC,8DAA8D,CAAC,CAAC;gCAC3E,UAAU,CAAC,SAAS,CAAC,GAAG,UAAU,CAAC,KAAK,CAAC;6BAC5C;4BACD,MAAM;wBACV,KAAK,QAAQ;4BACT,OAAO,CAAC,GAAG,CAAC,kCAAkC,EAAG,SAAS,EAAG,UAAU,CAAC,KAAK,CAAC,CAAC;4BAC/E,UAAU,CAAC,SAAS,CAAC,GAAG,UAAU,CAAC,KAAK,CAAC;qBAChD;oBACD,cAAc,GAAG,IAAI,CAAC;iBACzB;qBACI;oBACD,cAAc,GAAG,IAAI,CAAC,sBAAsB,CAAC,UAAU,CAAC,SAAS,CAAC,EAAE,UAAU,CAAC,IAAI,cAAc,CAAC;iBACrG;aACJ;SACJ;QACD,OAAO,cAAc,CAAC;IAC1B,CAAC;CAGJ;AAjDD,4CAiDC","sourcesContent":["import core = require(\"@actions/core\");\r\n\r\nimport { EnvTreeUtility } from \"./envVariableUtility\";\r\n\r\nexport class JsonSubstitution {\r\n    constructor() {\r\n        this.envTreeUtil = new EnvTreeUtility();\r\n    }\r\n    \r\n    substituteJsonVariable(jsonObject, envObject) {\r\n        let isValueChanged: boolean = false;\r\n        for(let jsonChild in jsonObject) {\r\n            let jsonChildArray = jsonChild.split('.');\r\n            let resultNode = this.envTreeUtil.checkEnvTreePath(jsonChildArray, 0, jsonChildArray.length, envObject);\r\n            if(resultNode != undefined) {\r\n                if(resultNode.isEnd) {\r\n                    switch(typeof(jsonObject[jsonChild])) {\r\n                        case 'number':\r\n                            console.log('SubstitutingValueonKeyWithNumber', jsonChild , resultNode.value);\r\n                            jsonObject[jsonChild] = !isNaN(resultNode.value) ? Number(resultNode.value): resultNode.value;\r\n                            break;\r\n                        case 'boolean':\r\n                            console.log('SubstitutingValueonKeyWithBoolean' , jsonChild , resultNode.value);\r\n                            jsonObject[jsonChild] = (\r\n                                resultNode.value == 'true' ? true : (resultNode.value == 'false' ? false : resultNode.value)\r\n                            )\r\n                            break;\r\n                        case 'object':\r\n                        case null:\r\n                            try {\r\n                                console.log('SubstitutingValueonKeyWithObject' , jsonChild , resultNode.value);\r\n                                jsonObject[jsonChild] = JSON.parse(resultNode.value);\r\n                            }\r\n                            catch(exception) {\r\n                                core.debug('unable to substitute the value. falling back to string value');\r\n                                jsonObject[jsonChild] = resultNode.value;\r\n                            }\r\n                            break;\r\n                        case 'string':\r\n                            console.log('SubstitutingValueonKeyWithString' , jsonChild , resultNode.value);\r\n                            jsonObject[jsonChild] = resultNode.value;\r\n                    }\r\n                    isValueChanged = true;\r\n                }\r\n                else {\r\n                    isValueChanged = this.substituteJsonVariable(jsonObject[jsonChild], resultNode) || isValueChanged;\r\n                }\r\n            }\r\n        }\r\n        return isValueChanged;\r\n    }\r\n\r\n    private envTreeUtil: EnvTreeUtility;\r\n}"]},"_coverageSchema":"1a1c01bbd47fc00a2c39e90264f33305004495a9","hash":"be1210b320b7e7d37f2b25f8afef18e06b3631d0"},"/Users/tomkandula/Downloads/Projects/Tokan/__NotDeployed/Microsoft/variable-substitution/src/variableSubstitution.ts":{"path":"/Users/tomkandula/Downloads/Projects/Tokan/__NotDeployed/Microsoft/variable-substitution/src/variableSubstitution.ts","statementMap":{"0":{"start":{"line":2,"column":16},"end":{"line":10,"column":1}},"1":{"start":{"line":3,"column":28},"end":{"line":3,"column":110}},"2":{"start":{"line":3,"column":91},"end":{"line":3,"column":106}},"3":{"start":{"line":4,"column":4},"end":{"line":9,"column":7}},"4":{"start":{"line":5,"column":36},"end":{"line":5,"column":97}},"5":{"start":{"line":5,"column":42},"end":{"line":5,"column":70}},"6":{"start":{"line":5,"column":85},"end":{"line":5,"column":95}},"7":{"start":{"line":6,"column":35},"end":{"line":6,"column":100}},"8":{"start":{"line":6,"column":41},"end":{"line":6,"column":73}},"9":{"start":{"line":6,"column":88},"end":{"line":6,"column":98}},"10":{"start":{"line":7,"column":32},"end":{"line":7,"column":116}},"11":{"start":{"line":8,"column":8},"end":{"line":8,"column":78}},"12":{"start":{"line":11,"column":0},"end":{"line":11,"column":62}},"13":{"start":{"line":12,"column":0},"end":{"line":12,"column":38}},"14":{"start":{"line":13,"column":13},"end":{"line":13,"column":37}},"15":{"start":{"line":14,"column":29},"end":{"line":14,"column":71}},"16":{"start":{"line":15,"column":42},"end":{"line":15,"column":97}},"17":{"start":{"line":16,"column":24},"end":{"line":16,"column":61}},"18":{"start":{"line":17,"column":34},"end":{"line":17,"column":81}},"19":{"start":{"line":18,"column":18},"end":{"line":18,"column":49}},"20":{"start":{"line":19,"column":11},"end":{"line":19,"column":24}},"21":{"start":{"line":20,"column":13},"end":{"line":20,"column":31}},"22":{"start":{"line":21,"column":21},"end":{"line":21,"column":64}},"23":{"start":{"line":24,"column":8},"end":{"line":24,"column":42}},"24":{"start":{"line":25,"column":8},"end":{"line":25,"column":33}},"25":{"start":{"line":28,"column":8},"end":{"line":37,"column":11}},"26":{"start":{"line":29,"column":29},"end":{"line":29,"column":71}},"27":{"start":{"line":30,"column":24},"end":{"line":30,"column":45}},"28":{"start":{"line":31,"column":12},"end":{"line":36,"column":13}},"29":{"start":{"line":32,"column":16},"end":{"line":32,"column":56}},"30":{"start":{"line":35,"column":16},"end":{"line":35,"column":138}},"31":{"start":{"line":40,"column":36},"end":{"line":40,"column":41}},"32":{"start":{"line":41,"column":8},"end":{"line":107,"column":9}},"33":{"start":{"line":42,"column":31},"end":{"line":42,"column":63}},"34":{"start":{"line":43,"column":12},"end":{"line":46,"column":13}},"35":{"start":{"line":44,"column":16},"end":{"line":44,"column":77}},"36":{"start":{"line":45,"column":16},"end":{"line":45,"column":25}},"37":{"start":{"line":47,"column":12},"end":{"line":106,"column":13}},"38":{"start":{"line":48,"column":33},"end":{"line":48,"column":54}},"39":{"start":{"line":49,"column":37},"end":{"line":49,"column":86}},"40":{"start":{"line":50,"column":34},"end":{"line":50,"column":78}},"41":{"start":{"line":51,"column":16},"end":{"line":53,"column":17}},"42":{"start":{"line":52,"column":20},"end":{"line":52,"column":55}},"43":{"start":{"line":54,"column":16},"end":{"line":105,"column":17}},"44":{"start":{"line":55,"column":20},"end":{"line":55,"column":88}},"45":{"start":{"line":56,"column":42},"end":{"line":56,"column":98}},"46":{"start":{"line":57,"column":37},"end":{"line":57,"column":68}},"47":{"start":{"line":58,"column":52},"end":{"line":58,"column":155}},"48":{"start":{"line":59,"column":20},"end":{"line":65,"column":21}},"49":{"start":{"line":60,"column":24},"end":{"line":60,"column":166}},"50":{"start":{"line":61,"column":24},"end":{"line":61,"column":74}},"51":{"start":{"line":64,"column":24},"end":{"line":64,"column":70}},"52":{"start":{"line":66,"column":20},"end":{"line":66,"column":95}},"53":{"start":{"line":68,"column":21},"end":{"line":105,"column":17}},"54":{"start":{"line":69,"column":20},"end":{"line":69,"column":87}},"55":{"start":{"line":70,"column":48},"end":{"line":70,"column":79}},"56":{"start":{"line":71,"column":42},"end":{"line":71,"column":110}},"57":{"start":{"line":72,"column":51},"end":{"line":72,"column":91}},"58":{"start":{"line":73,"column":20},"end":{"line":86,"column":21}},"59":{"start":{"line":74,"column":42},"end":{"line":74,"column":75}},"60":{"start":{"line":75,"column":24},"end":{"line":75,"column":69}},"61":{"start":{"line":76,"column":41},"end":{"line":76,"column":139}},"62":{"start":{"line":77,"column":24},"end":{"line":80,"column":25}},"63":{"start":{"line":78,"column":28},"end":{"line":78,"column":117}},"64":{"start":{"line":79,"column":28},"end":{"line":79,"column":146}},"65":{"start":{"line":81,"column":24},"end":{"line":81,"column":98}},"66":{"start":{"line":82,"column":24},"end":{"line":82,"column":74}},"67":{"start":{"line":85,"column":24},"end":{"line":85,"column":70}},"68":{"start":{"line":87,"column":20},"end":{"line":87,"column":94}},"69":{"start":{"line":89,"column":21},"end":{"line":105,"column":17}},"70":{"start":{"line":90,"column":20},"end":{"line":90,"column":88}},"71":{"start":{"line":91,"column":42},"end":{"line":91,"column":98}},"72":{"start":{"line":92,"column":37},"end":{"line":92,"column":68}},"73":{"start":{"line":93,"column":52},"end":{"line":93,"column":155}},"74":{"start":{"line":94,"column":20},"end":{"line":100,"column":21}},"75":{"start":{"line":95,"column":24},"end":{"line":95,"column":156}},"76":{"start":{"line":96,"column":24},"end":{"line":96,"column":81}},"77":{"start":{"line":99,"column":24},"end":{"line":99,"column":70}},"78":{"start":{"line":101,"column":20},"end":{"line":101,"column":95}},"79":{"start":{"line":104,"column":20},"end":{"line":104,"column":98}},"80":{"start":{"line":108,"column":8},"end":{"line":110,"column":9}},"81":{"start":{"line":109,"column":12},"end":{"line":109,"column":69}},"82":{"start":{"line":113,"column":8},"end":{"line":124,"column":9}},"83":{"start":{"line":114,"column":12},"end":{"line":114,"column":54}},"84":{"start":{"line":115,"column":29},"end":{"line":115,"column":48}},"85":{"start":{"line":116,"column":12},"end":{"line":118,"column":13}},"86":{"start":{"line":117,"column":16},"end":{"line":117,"column":60}},"87":{"start":{"line":119,"column":12},"end":{"line":119,"column":24}},"88":{"start":{"line":122,"column":12},"end":{"line":122,"column":75}},"89":{"start":{"line":123,"column":12},"end":{"line":123,"column":25}},"90":{"start":{"line":127,"column":8},"end":{"line":137,"column":9}},"91":{"start":{"line":128,"column":29},"end":{"line":128,"column":51}},"92":{"start":{"line":129,"column":12},"end":{"line":131,"column":13}},"93":{"start":{"line":130,"column":16},"end":{"line":130,"column":60}},"94":{"start":{"line":132,"column":12},"end":{"line":132,"column":24}},"95":{"start":{"line":135,"column":12},"end":{"line":135,"column":75}},"96":{"start":{"line":136,"column":12},"end":{"line":136,"column":25}},"97":{"start":{"line":140,"column":8},"end":{"line":150,"column":9}},"98":{"start":{"line":141,"column":40},"end":{"line":141,"column":82}},"99":{"start":{"line":142,"column":12},"end":{"line":144,"column":13}},"100":{"start":{"line":143,"column":16},"end":{"line":143,"column":71}},"101":{"start":{"line":145,"column":12},"end":{"line":145,"column":24}},"102":{"start":{"line":148,"column":12},"end":{"line":148,"column":67}},"103":{"start":{"line":149,"column":12},"end":{"line":149,"column":25}},"104":{"start":{"line":153,"column":8},"end":{"line":155,"column":9}},"105":{"start":{"line":154,"column":12},"end":{"line":154,"column":27}},"106":{"start":{"line":158,"column":27},"end":{"line":158,"column":32}},"107":{"start":{"line":159,"column":37},"end":{"line":159,"column":39}},"108":{"start":{"line":160,"column":28},"end":{"line":160,"column":29}},"109":{"start":{"line":161,"column":32},"end":{"line":161,"column":33}},"110":{"start":{"line":162,"column":31},"end":{"line":162,"column":32}},"111":{"start":{"line":163,"column":8},"end":{"line":203,"column":9}},"112":{"start":{"line":163,"column":21},"end":{"line":163,"column":22}},"113":{"start":{"line":164,"column":12},"end":{"line":164,"column":37}},"114":{"start":{"line":165,"column":12},"end":{"line":165,"column":68}},"115":{"start":{"line":166,"column":12},"end":{"line":199,"column":13}},"116":{"start":{"line":167,"column":16},"end":{"line":171,"column":17}},"117":{"start":{"line":168,"column":20},"end":{"line":168,"column":24}},"118":{"start":{"line":169,"column":20},"end":{"line":169,"column":38}},"119":{"start":{"line":170,"column":20},"end":{"line":170,"column":29}},"120":{"start":{"line":172,"column":16},"end":{"line":176,"column":17}},"121":{"start":{"line":173,"column":20},"end":{"line":173,"column":24}},"122":{"start":{"line":174,"column":20},"end":{"line":174,"column":38}},"123":{"start":{"line":175,"column":20},"end":{"line":175,"column":29}},"124":{"start":{"line":179,"column":16},"end":{"line":198,"column":17}},"125":{"start":{"line":180,"column":20},"end":{"line":180,"column":69}},"126":{"start":{"line":181,"column":20},"end":{"line":181,"column":24}},"127":{"start":{"line":182,"column":20},"end":{"line":182,"column":29}},"128":{"start":{"line":185,"column":20},"end":{"line":187,"column":21}},"129":{"start":{"line":186,"column":24},"end":{"line":186,"column":53}},"130":{"start":{"line":188,"column":20},"end":{"line":197,"column":21}},"131":{"start":{"line":189,"column":24},"end":{"line":192,"column":25}},"132":{"start":{"line":190,"column":28},"end":{"line":190,"column":62}},"133":{"start":{"line":191,"column":28},"end":{"line":191,"column":32}},"134":{"start":{"line":193,"column":24},"end":{"line":196,"column":25}},"135":{"start":{"line":194,"column":28},"end":{"line":194,"column":61}},"136":{"start":{"line":195,"column":28},"end":{"line":195,"column":32}},"137":{"start":{"line":200,"column":12},"end":{"line":202,"column":13}},"138":{"start":{"line":201,"column":16},"end":{"line":201,"column":53}},"139":{"start":{"line":204,"column":8},"end":{"line":204,"column":38}},"140":{"start":{"line":207,"column":8},"end":{"line":209,"column":9}},"141":{"start":{"line":208,"column":12},"end":{"line":208,"column":19}},"142":{"start":{"line":210,"column":8},"end":{"line":212,"column":9}},"143":{"start":{"line":211,"column":12},"end":{"line":211,"column":114}},"144":{"start":{"line":213,"column":8},"end":{"line":215,"column":9}},"145":{"start":{"line":214,"column":12},"end":{"line":214,"column":54}},"146":{"start":{"line":218,"column":0},"end":{"line":218,"column":52}},"147":{"start":{"line":219,"column":13},"end":{"line":219,"column":39}},"148":{"start":{"line":220,"column":0},"end":{"line":222,"column":3}},"149":{"start":{"line":221,"column":4},"end":{"line":221,"column":26}}},"fnMap":{"0":{"name":"(anonymous_0)","decl":{"start":{"line":2,"column":44},"end":{"line":2,"column":45}},"loc":{"start":{"line":2,"column":89},"end":{"line":10,"column":1}},"line":2},"1":{"name":"adopt","decl":{"start":{"line":3,"column":13},"end":{"line":3,"column":18}},"loc":{"start":{"line":3,"column":26},"end":{"line":3,"column":112}},"line":3},"2":{"name":"(anonymous_2)","decl":{"start":{"line":3,"column":70},"end":{"line":3,"column":71}},"loc":{"start":{"line":3,"column":89},"end":{"line":3,"column":108}},"line":3},"3":{"name":"(anonymous_3)","decl":{"start":{"line":4,"column":36},"end":{"line":4,"column":37}},"loc":{"start":{"line":4,"column":63},"end":{"line":9,"column":5}},"line":4},"4":{"name":"fulfilled","decl":{"start":{"line":5,"column":17},"end":{"line":5,"column":26}},"loc":{"start":{"line":5,"column":34},"end":{"line":5,"column":99}},"line":5},"5":{"name":"rejected","decl":{"start":{"line":6,"column":17},"end":{"line":6,"column":25}},"loc":{"start":{"line":6,"column":33},"end":{"line":6,"column":102}},"line":6},"6":{"name":"step","decl":{"start":{"line":7,"column":17},"end":{"line":7,"column":21}},"loc":{"start":{"line":7,"column":30},"end":{"line":7,"column":118}},"line":7},"7":{"name":"(anonymous_7)","decl":{"start":{"line":23,"column":4},"end":{"line":23,"column":5}},"loc":{"start":{"line":23,"column":18},"end":{"line":26,"column":5}},"line":23},"8":{"name":"(anonymous_8)","decl":{"start":{"line":27,"column":4},"end":{"line":27,"column":5}},"loc":{"start":{"line":27,"column":10},"end":{"line":38,"column":5}},"line":27},"9":{"name":"(anonymous_9)","decl":{"start":{"line":28,"column":47},"end":{"line":28,"column":48}},"loc":{"start":{"line":28,"column":60},"end":{"line":37,"column":9}},"line":28},"10":{"name":"(anonymous_10)","decl":{"start":{"line":39,"column":4},"end":{"line":39,"column":5}},"loc":{"start":{"line":39,"column":39},"end":{"line":111,"column":5}},"line":39},"11":{"name":"(anonymous_11)","decl":{"start":{"line":112,"column":4},"end":{"line":112,"column":5}},"loc":{"start":{"line":112,"column":26},"end":{"line":125,"column":5}},"line":112},"12":{"name":"(anonymous_12)","decl":{"start":{"line":126,"column":4},"end":{"line":126,"column":5}},"loc":{"start":{"line":126,"column":26},"end":{"line":138,"column":5}},"line":126},"13":{"name":"(anonymous_13)","decl":{"start":{"line":139,"column":4},"end":{"line":139,"column":5}},"loc":{"start":{"line":139,"column":25},"end":{"line":151,"column":5}},"line":139},"14":{"name":"(anonymous_14)","decl":{"start":{"line":152,"column":4},"end":{"line":152,"column":5}},"loc":{"start":{"line":152,"column":31},"end":{"line":205,"column":5}},"line":152},"15":{"name":"(anonymous_15)","decl":{"start":{"line":206,"column":4},"end":{"line":206,"column":5}},"loc":{"start":{"line":206,"column":43},"end":{"line":216,"column":5}},"line":206},"16":{"name":"(anonymous_16)","decl":{"start":{"line":220,"column":19},"end":{"line":220,"column":20}},"loc":{"start":{"line":220,"column":30},"end":{"line":222,"column":1}},"line":220}},"branchMap":{"0":{"loc":{"start":{"line":2,"column":16},"end":{"line":10,"column":1}},"type":"binary-expr","locations":[{"start":{"line":2,"column":17},"end":{"line":2,"column":21}},{"start":{"line":2,"column":25},"end":{"line":2,"column":39}},{"start":{"line":2,"column":44},"end":{"line":10,"column":1}}],"line":2},"1":{"loc":{"start":{"line":3,"column":35},"end":{"line":3,"column":109}},"type":"cond-expr","locations":[{"start":{"line":3,"column":56},"end":{"line":3,"column":61}},{"start":{"line":3,"column":64},"end":{"line":3,"column":109}}],"line":3},"2":{"loc":{"start":{"line":4,"column":16},"end":{"line":4,"column":34}},"type":"binary-expr","locations":[{"start":{"line":4,"column":16},"end":{"line":4,"column":17}},{"start":{"line":4,"column":22},"end":{"line":4,"column":33}}],"line":4},"3":{"loc":{"start":{"line":7,"column":32},"end":{"line":7,"column":115}},"type":"cond-expr","locations":[{"start":{"line":7,"column":46},"end":{"line":7,"column":67}},{"start":{"line":7,"column":70},"end":{"line":7,"column":115}}],"line":7},"4":{"loc":{"start":{"line":8,"column":51},"end":{"line":8,"column":67}},"type":"binary-expr","locations":[{"start":{"line":8,"column":51},"end":{"line":8,"column":61}},{"start":{"line":8,"column":65},"end":{"line":8,"column":67}}],"line":8},"5":{"loc":{"start":{"line":31,"column":12},"end":{"line":36,"column":13}},"type":"if","locations":[{"start":{"line":31,"column":12},"end":{"line":36,"column":13}},{"start":{"line":31,"column":12},"end":{"line":36,"column":13}}],"line":31},"6":{"loc":{"start":{"line":43,"column":12},"end":{"line":46,"column":13}},"type":"if","locations":[{"start":{"line":43,"column":12},"end":{"line":46,"column":13}},{"start":{"line":43,"column":12},"end":{"line":46,"column":13}}],"line":43},"7":{"loc":{"start":{"line":51,"column":16},"end":{"line":53,"column":17}},"type":"if","locations":[{"start":{"line":51,"column":16},"end":{"line":53,"column":17}},{"start":{"line":51,"column":16},"end":{"line":53,"column":17}}],"line":51},"8":{"loc":{"start":{"line":54,"column":16},"end":{"line":105,"column":17}},"type":"if","locations":[{"start":{"line":54,"column":16},"end":{"line":105,"column":17}},{"start":{"line":54,"column":16},"end":{"line":105,"column":17}}],"line":54},"9":{"loc":{"start":{"line":59,"column":20},"end":{"line":65,"column":21}},"type":"if","locations":[{"start":{"line":59,"column":20},"end":{"line":65,"column":21}},{"start":{"line":59,"column":20},"end":{"line":65,"column":21}}],"line":59},"10":{"loc":{"start":{"line":60,"column":48},"end":{"line":60,"column":86}},"type":"cond-expr","locations":[{"start":{"line":60,"column":73},"end":{"line":60,"column":81}},{"start":{"line":60,"column":84},"end":{"line":60,"column":86}}],"line":60},"11":{"loc":{"start":{"line":66,"column":44},"end":{"line":66,"column":94}},"type":"binary-expr","locations":[{"start":{"line":66,"column":44},"end":{"line":66,"column":69}},{"start":{"line":66,"column":73},"end":{"line":66,"column":94}}],"line":66},"12":{"loc":{"start":{"line":68,"column":21},"end":{"line":105,"column":17}},"type":"if","locations":[{"start":{"line":68,"column":21},"end":{"line":105,"column":17}},{"start":{"line":68,"column":21},"end":{"line":105,"column":17}}],"line":68},"13":{"loc":{"start":{"line":73,"column":20},"end":{"line":86,"column":21}},"type":"if","locations":[{"start":{"line":73,"column":20},"end":{"line":86,"column":21}},{"start":{"line":73,"column":20},"end":{"line":86,"column":21}}],"line":73},"14":{"loc":{"start":{"line":76,"column":42},"end":{"line":76,"column":80}},"type":"cond-expr","locations":[{"start":{"line":76,"column":67},"end":{"line":76,"column":75}},{"start":{"line":76,"column":78},"end":{"line":76,"column":80}}],"line":76},"15":{"loc":{"start":{"line":87,"column":44},"end":{"line":87,"column":93}},"type":"binary-expr","locations":[{"start":{"line":87,"column":44},"end":{"line":87,"column":68}},{"start":{"line":87,"column":72},"end":{"line":87,"column":93}}],"line":87},"16":{"loc":{"start":{"line":89,"column":21},"end":{"line":105,"column":17}},"type":"if","locations":[{"start":{"line":89,"column":21},"end":{"line":105,"column":17}},{"start":{"line":89,"column":21},"end":{"line":105,"column":17}}],"line":89},"17":{"loc":{"start":{"line":94,"column":20},"end":{"line":100,"column":21}},"type":"if","locations":[{"start":{"line":94,"column":20},"end":{"line":100,"column":21}},{"start":{"line":94,"column":20},"end":{"line":100,"column":21}}],"line":94},"18":{"loc":{"start":{"line":95,"column":48},"end":{"line":95,"column":86}},"type":"cond-expr","locations":[{"start":{"line":95,"column":73},"end":{"line":95,"column":81}},{"start":{"line":95,"column":84},"end":{"line":95,"column":86}}],"line":95},"19":{"loc":{"start":{"line":101,"column":44},"end":{"line":101,"column":94}},"type":"binary-expr","locations":[{"start":{"line":101,"column":44},"end":{"line":101,"column":69}},{"start":{"line":101,"column":73},"end":{"line":101,"column":94}}],"line":101},"20":{"loc":{"start":{"line":108,"column":8},"end":{"line":110,"column":9}},"type":"if","locations":[{"start":{"line":108,"column":8},"end":{"line":110,"column":9}},{"start":{"line":108,"column":8},"end":{"line":110,"column":9}}],"line":108},"21":{"loc":{"start":{"line":116,"column":12},"end":{"line":118,"column":13}},"type":"if","locations":[{"start":{"line":116,"column":12},"end":{"line":118,"column":13}},{"start":{"line":116,"column":12},"end":{"line":118,"column":13}}],"line":116},"22":{"loc":{"start":{"line":129,"column":12},"end":{"line":131,"column":13}},"type":"if","locations":[{"start":{"line":129,"column":12},"end":{"line":131,"column":13}},{"start":{"line":129,"column":12},"end":{"line":131,"column":13}}],"line":129},"23":{"loc":{"start":{"line":142,"column":12},"end":{"line":144,"column":13}},"type":"if","locations":[{"start":{"line":142,"column":12},"end":{"line":144,"column":13}},{"start":{"line":142,"column":12},"end":{"line":144,"column":13}}],"line":142},"24":{"loc":{"start":{"line":153,"column":8},"end":{"line":155,"column":9}},"type":"if","locations":[{"start":{"line":153,"column":8},"end":{"line":155,"column":9}},{"start":{"line":153,"column":8},"end":{"line":155,"column":9}}],"line":153},"25":{"loc":{"start":{"line":153,"column":12},"end":{"line":153,"column":80}},"type":"binary-expr","locations":[{"start":{"line":153,"column":12},"end":{"line":153,"column":20}},{"start":{"line":153,"column":25},"end":{"line":153,"column":50}},{"start":{"line":153,"column":54},"end":{"line":153,"column":79}}],"line":153},"26":{"loc":{"start":{"line":165,"column":23},"end":{"line":165,"column":67}},"type":"cond-expr","locations":[{"start":{"line":165,"column":48},"end":{"line":165,"column":62}},{"start":{"line":165,"column":65},"end":{"line":165,"column":67}}],"line":165},"27":{"loc":{"start":{"line":166,"column":12},"end":{"line":199,"column":13}},"type":"if","locations":[{"start":{"line":166,"column":12},"end":{"line":199,"column":13}},{"start":{"line":166,"column":12},"end":{"line":199,"column":13}}],"line":166},"28":{"loc":{"start":{"line":167,"column":16},"end":{"line":171,"column":17}},"type":"if","locations":[{"start":{"line":167,"column":16},"end":{"line":171,"column":17}},{"start":{"line":167,"column":16},"end":{"line":171,"column":17}}],"line":167},"29":{"loc":{"start":{"line":167,"column":20},"end":{"line":167,"column":117}},"type":"binary-expr","locations":[{"start":{"line":167,"column":20},"end":{"line":167,"column":54}},{"start":{"line":167,"column":59},"end":{"line":167,"column":92}},{"start":{"line":167,"column":96},"end":{"line":167,"column":116}}],"line":167},"30":{"loc":{"start":{"line":172,"column":16},"end":{"line":176,"column":17}},"type":"if","locations":[{"start":{"line":172,"column":16},"end":{"line":176,"column":17}},{"start":{"line":172,"column":16},"end":{"line":176,"column":17}}],"line":172},"31":{"loc":{"start":{"line":172,"column":20},"end":{"line":172,"column":88}},"type":"binary-expr","locations":[{"start":{"line":172,"column":20},"end":{"line":172,"column":53}},{"start":{"line":172,"column":57},"end":{"line":172,"column":88}}],"line":172},"32":{"loc":{"start":{"line":179,"column":16},"end":{"line":198,"column":17}},"type":"if","locations":[{"start":{"line":179,"column":16},"end":{"line":198,"column":17}},{"start":{"line":179,"column":16},"end":{"line":198,"column":17}}],"line":179},"33":{"loc":{"start":{"line":179,"column":20},"end":{"line":179,"column":55}},"type":"binary-expr","locations":[{"start":{"line":179,"column":20},"end":{"line":179,"column":32}},{"start":{"line":179,"column":36},"end":{"line":179,"column":55}}],"line":179},"34":{"loc":{"start":{"line":185,"column":20},"end":{"line":187,"column":21}},"type":"if","locations":[{"start":{"line":185,"column":20},"end":{"line":187,"column":21}},{"start":{"line":185,"column":20},"end":{"line":187,"column":21}}],"line":185},"35":{"loc":{"start":{"line":188,"column":20},"end":{"line":197,"column":21}},"type":"if","locations":[{"start":{"line":188,"column":20},"end":{"line":197,"column":21}},{"start":{"line":188,"column":20},"end":{"line":197,"column":21}}],"line":188},"36":{"loc":{"start":{"line":189,"column":24},"end":{"line":192,"column":25}},"type":"if","locations":[{"start":{"line":189,"column":24},"end":{"line":192,"column":25}},{"start":{"line":189,"column":24},"end":{"line":192,"column":25}}],"line":189},"37":{"loc":{"start":{"line":193,"column":24},"end":{"line":196,"column":25}},"type":"if","locations":[{"start":{"line":193,"column":24},"end":{"line":196,"column":25}},{"start":{"line":193,"column":24},"end":{"line":196,"column":25}}],"line":193},"38":{"loc":{"start":{"line":200,"column":12},"end":{"line":202,"column":13}},"type":"if","locations":[{"start":{"line":200,"column":12},"end":{"line":202,"column":13}},{"start":{"line":200,"column":12},"end":{"line":202,"column":13}}],"line":200},"39":{"loc":{"start":{"line":207,"column":8},"end":{"line":209,"column":9}},"type":"if","locations":[{"start":{"line":207,"column":8},"end":{"line":209,"column":9}},{"start":{"line":207,"column":8},"end":{"line":209,"column":9}}],"line":207},"40":{"loc":{"start":{"line":207,"column":12},"end":{"line":207,"column":56}},"type":"binary-expr","locations":[{"start":{"line":207,"column":12},"end":{"line":207,"column":23}},{"start":{"line":207,"column":27},"end":{"line":207,"column":56}}],"line":207}},"s":{"0":1,"1":0,"2":0,"3":1,"4":0,"5":0,"6":0,"7":0,"8":0,"9":0,"10":0,"11":1,"12":1,"13":1,"14":1,"15":1,"16":1,"17":1,"18":1,"19":1,"20":1,"21":1,"22":1,"23":6,"24":6,"25":1,"26":1,"27":0,"28":0,"29":0,"30":0,"31":5,"32":5,"33":5,"34":5,"35":0,"36":0,"37":5,"38":5,"39":5,"40":5,"41":5,"42":1,"43":5,"44":1,"45":1,"46":1,"47":1,"48":1,"49":0,"50":0,"51":1,"52":1,"53":4,"54":1,"55":1,"56":1,"57":1,"58":1,"59":0,"60":0,"61":0,"62":0,"63":0,"64":0,"65":0,"66":0,"67":1,"68":1,"69":3,"70":1,"71":1,"72":1,"73":1,"74":1,"75":0,"76":0,"77":1,"78":1,"79":2,"80":3,"81":3,"82":5,"83":5,"84":5,"85":1,"86":1,"87":1,"88":4,"89":4,"90":3,"91":3,"92":1,"93":1,"94":1,"95":2,"96":2,"97":4,"98":4,"99":1,"100":1,"101":1,"102":3,"103":3,"104":5,"105":4,"106":1,"107":1,"108":1,"109":1,"110":1,"111":1,"112":1,"113":7110,"114":7110,"115":7110,"116":0,"117":0,"118":0,"119":0,"120":0,"121":0,"122":0,"123":0,"124":7110,"125":0,"126":0,"127":0,"128":7110,"129":221,"130":7110,"131":2947,"132":0,"133":0,"134":2947,"135":0,"136":0,"137":7110,"138":7110,"139":1,"140":0,"141":0,"142":0,"143":0,"144":0,"145":0,"146":1,"147":1,"148":1,"149":1},"f":{"0":1,"1":0,"2":0,"3":1,"4":0,"5":0,"6":0,"7":6,"8":1,"9":1,"10":5,"11":5,"12":3,"13":4,"14":5,"15":0,"16":1},"b":{"0":[1,1,1],"1":[0,0],"2":[1,1],"3":[0,0],"4":[1,1],"5":[0,0],"6":[0,5],"7":[1,4],"8":[1,4],"9":[0,1],"10":[0,0],"11":[1,1],"12":[1,3],"13":[0,1],"14":[0,0],"15":[1,1],"16":[1,2],"17":[0,1],"18":[0,0],"19":[1,1],"20":[3,0],"21":[1,0],"22":[1,0],"23":[1,0],"24":[4,1],"25":[5,5,4],"26":[7109,1],"27":[0,7110],"28":[0,0],"29":[0,0,0],"30":[0,0],"31":[0,0],"32":[0,7110],"33":[7110,4162],"34":[221,6889],"35":[2947,4163],"36":[0,2947],"37":[0,2947],"38":[7110,0],"39":[0,0],"40":[0,0]},"inputSourceMap":{"version":3,"file":"/Users/tomkandula/Downloads/Projects/Tokan/__NotDeployed/Microsoft/variable-substitution/src/variableSubstitution.ts","sources":["/Users/tomkandula/Downloads/Projects/Tokan/__NotDeployed/Microsoft/variable-substitution/src/variableSubstitution.ts"],"names":[],"mappings":";;;;;;;;;;;;AAAA,sCAAuC;AAEvC,wEAAiE;AACjE,kGAAgF;AAChF,8DAA2D;AAC3D,kFAAuE;AACvE,kDAAiD;AAEjD,yBAA0B;AAC1B,gCAAiC;AACjC,iEAAkE;AAElE,MAAa,oBAAoB;IAAjC;QA+MY,qBAAgB,GAAG,IAAI,GAAG,EAAe,CAAC;QAC1C,mBAAc,GAAW,EAAE,CAAC;IACxC,CAAC;IAhNS,GAAG;;YACL,IAAI,UAAU,GAAG,IAAI,CAAC,QAAQ,CAAC,OAAO,EAAE,EAAE,QAAQ,EAAE,IAAI,EAAE,CAAC,CAAC;YAC5D,IAAI,KAAK,GAAG,UAAU,CAAC,KAAK,CAAC,GAAG,CAAC,CAAC;YAClC,IAAG,KAAK,CAAC,MAAM,GAAG,CAAC,EAAC;gBAChB,IAAI,CAAC,2BAA2B,CAAC,KAAK,CAAC,CAAC;aAC3C;iBACI;gBACD,MAAM,KAAK,CAAC,4GAA4G,CAAC,CAAC;aAC7H;QACL,CAAC;KAAA;IAED,2BAA2B,CAAC,KAAe;QACvC,IAAI,qBAAqB,GAAY,KAAK,CAAC;QAC3C,KAAI,IAAI,IAAI,IAAI,KAAK,EAAC;YAClB,IAAI,YAAY,GAAG,mBAAS,CAAC,IAAI,CAAC,IAAI,EAAE,CAAC,CAAC;YAC1C,IAAG,YAAY,CAAC,MAAM,IAAI,CAAC,EAAE;gBACzB,IAAI,CAAC,KAAK,CAAC,yCAAyC,GAAG,IAAI,CAAC,CAAC;gBAC7D,SAAS;aACZ;YACD,KAAI,IAAI,IAAI,IAAI,YAAY,EAAE;gBAC1B,IAAI,UAAU,GAAW,EAAE,CAAC,YAAY,CAAC,IAAI,CAAC,CAAC;gBAC/C,IAAI,cAAc,GAAG,YAAY,CAAC,kBAAkB,CAAC,IAAI,EAAE,UAAU,CAAC,CAAC;gBACvE,IAAI,WAAW,GAAW,UAAU,CAAC,QAAQ,CAAC,cAAc,CAAC,QAA0B,CAAC,CAAC;gBACzF,IAAG,cAAc,CAAC,OAAO,EAAE;oBACvB,WAAW,GAAG,WAAW,CAAC,KAAK,CAAC,CAAC,CAAC,CAAC;iBACtC;gBACD,IAAG,IAAI,CAAC,MAAM,CAAC,IAAI,EAAE,WAAW,CAAC,EAAE;oBAC/B,OAAO,CAAC,GAAG,CAAC,+CAA+C,GAAG,IAAI,CAAC,CAAC;oBACpE,IAAI,eAAe,GAAI,IAAI,kDAAgB,EAAE,CAAC;oBAC9C,IAAI,UAAU,GAAG,IAAI,CAAC,gBAAgB,CAAC,GAAG,CAAC,IAAI,CAAC,CAAC;oBACjD,IAAI,yBAAyB,GAAG,eAAe,CAAC,sBAAsB,CAAC,UAAU,EAAE,mCAAc,CAAC,aAAa,EAAE,CAAC,CAAC;oBACnH,IAAG,yBAAyB,EAAE;wBAC1B,EAAE,CAAC,aAAa,CAAC,IAAI,EAAE,CAAC,cAAc,CAAC,OAAO,CAAC,CAAC,CAAC,QAAQ,CAAC,CAAC,CAAC,EAAE,CAAC,GAAG,IAAI,CAAC,SAAS,CAAC,UAAU,EAAE,IAAI,EAAE,CAAC,CAAC,EAAE,EAAE,QAAQ,EAAE,cAAc,CAAC,QAA0B,EAAE,CAAC,CAAC;wBAChK,OAAO,CAAC,GAAG,CAAC,8BAA8B,IAAI,EAAE,CAAC,CAAC;qBACrD;yBACI;wBACD,OAAO,CAAC,GAAG,CAAC,yBAAyB,GAAG,IAAI,CAAC,CAAC;qBACjD;oBACD,qBAAqB,GAAG,yBAAyB,IAAI,qBAAqB,CAAC;iBAC9E;qBACI,IAAG,IAAI,CAAC,KAAK,CAAC,IAAI,EAAE,WAAW,CAAC,EAAE;oBACnC,OAAO,CAAC,GAAG,CAAC,8CAA8C,GAAG,IAAI,CAAC,CAAC;oBACnE,IAAI,qBAAqB,GAAkB,IAAI,CAAC,gBAAgB,CAAC,GAAG,CAAC,IAAI,CAAC,CAAC;oBAC3E,IAAI,eAAe,GAAG,IAAI,yCAAe,CAAC,qBAAqB,CAAC,CAAC;oBACjE,IAAI,wBAAwB,GAAG,eAAe,CAAC,sBAAsB,EAAE,CAAC;oBACxE,IAAG,wBAAwB,EAAE;wBACzB,IAAI,WAAW,GAAG,qBAAqB,CAAC,SAAS,EAAE,CAAC;wBACpD,IAAI,CAAC,0BAA0B,CAAC,WAAW,CAAC,CAAC;wBAC7C,IAAI,UAAU,GAAG,CAAE,cAAc,CAAC,OAAO,CAAA,CAAC,CAAC,QAAQ,CAAC,CAAC,CAAC,EAAE,CAAE,GAAG,qBAAqB,CAAC,oBAAoB,CAAC,WAAW,CAAC,CAAC;wBACrH,KAAI,IAAI,oBAAoB,IAAI,eAAe,CAAC,qBAAqB,EAAE;4BACnE,IAAI,CAAC,KAAK,CAAC,qDAAqD,GAAG,oBAAoB,CAAC,CAAC;4BACzF,UAAU,GAAG,UAAU,CAAC,KAAK,CAAC,oBAAoB,CAAC,CAAC,IAAI,CAAC,eAAe,CAAC,qBAAqB,CAAC,oBAAoB,CAAC,CAAC,CAAC;yBACzH;wBACD,EAAE,CAAC,aAAa,CAAC,IAAI,EAAE,UAAU,EAAE,EAAE,QAAQ,EAAE,cAAc,CAAC,QAA0B,EAAE,CAAC,CAAC;wBAC5F,OAAO,CAAC,GAAG,CAAC,8BAA8B,IAAI,EAAE,CAAC,CAAC;qBACrD;yBACI;wBACD,OAAO,CAAC,GAAG,CAAC,yBAAyB,GAAG,IAAI,CAAC,CAAC;qBACjD;oBACD,qBAAqB,GAAG,wBAAwB,IAAI,qBAAqB,CAAC;iBAC7E;qBACI,IAAG,IAAI,CAAC,MAAM,CAAC,IAAI,EAAE,WAAW,CAAC,EAAE;oBACpC,OAAO,CAAC,GAAG,CAAC,+CAA+C,GAAG,IAAI,CAAC,CAAC;oBACpE,IAAI,eAAe,GAAI,IAAI,kDAAgB,EAAE,CAAC;oBAC9C,IAAI,UAAU,GAAG,IAAI,CAAC,gBAAgB,CAAC,GAAG,CAAC,IAAI,CAAC,CAAC;oBACjD,IAAI,yBAAyB,GAAG,eAAe,CAAC,sBAAsB,CAAC,UAAU,EAAE,mCAAc,CAAC,aAAa,EAAE,CAAC,CAAC;oBACnH,IAAG,yBAAyB,EAAE;wBAC1B,EAAE,CAAC,aAAa,CAAC,IAAI,EAAE,CAAC,cAAc,CAAC,OAAO,CAAC,CAAC,CAAC,QAAQ,CAAC,CAAC,CAAC,EAAE,CAAC,GAAG,IAAI,CAAC,QAAQ,CAAC,UAAU,CAAC,EAAE,EAAE,QAAQ,EAAE,cAAc,CAAC,QAA0B,EAAE,CAAC,CAAC;wBACtJ,OAAO,CAAC,GAAG,CAAC,qCAAqC,IAAI,EAAE,CAAC,CAAC;qBAC5D;yBACI;wBACD,OAAO,CAAC,GAAG,CAAC,yBAAyB,GAAG,IAAI,CAAC,CAAC;qBACjD;oBACD,qBAAqB,GAAG,yBAAyB,IAAI,qBAAqB,CAAC;iBAC9E;qBACI;oBACD,MAAM,IAAI,KAAK,CAAC,wBAAwB,GAAG,IAAI,GAAG,IAAI,GAAG,IAAI,CAAC,cAAc,CAAC,CAAC;iBACjF;aACJ;SACJ;QAED,IAAG,CAAC,qBAAqB,EAAE;YACvB,MAAM,IAAI,KAAK,CAAC,uCAAuC,CAAC,CAAC;SAC5D;IACL,CAAC;IAEO,MAAM,CAAC,IAAY,EAAE,OAAe;QACxC,IAAI;YACA,OAAO,GAAG,IAAI,CAAC,iBAAiB,CAAC,OAAO,CAAC,CAAC;YAC1C,IAAI,UAAU,GAAG,IAAI,CAAC,KAAK,CAAC,OAAO,CAAC,CAAC;YACrC,IAAG,CAAC,IAAI,CAAC,gBAAgB,CAAC,GAAG,CAAC,IAAI,CAAC,EAAE;gBACjC,IAAI,CAAC,gBAAgB,CAAC,GAAG,CAAC,IAAI,EAAE,UAAU,CAAC,CAAC;aAC/C;YACD,OAAO,IAAI,CAAC;SACf;QACD,OAAM,SAAS,EAAE;YACb,IAAI,CAAC,cAAc,IAAI,oBAAoB,GAAG,SAAS,GAAG,IAAI,CAAC;YAC/D,OAAO,KAAK,CAAC;SAChB;IACL,CAAC;IAEO,MAAM,CAAC,IAAY,EAAE,OAAe;QACxC,IAAI;YACA,IAAI,UAAU,GAAG,IAAI,CAAC,QAAQ,CAAC,OAAO,CAAC,CAAC;YACxC,IAAG,CAAC,IAAI,CAAC,gBAAgB,CAAC,GAAG,CAAC,IAAI,CAAC,EAAE;gBACjC,IAAI,CAAC,gBAAgB,CAAC,GAAG,CAAC,IAAI,EAAE,UAAU,CAAC,CAAC;aAC/C;YACD,OAAO,IAAI,CAAC;SACf;QACD,OAAM,SAAS,EAAE;YACb,IAAI,CAAC,cAAc,IAAI,oBAAoB,GAAG,SAAS,GAAG,IAAI,CAAC;YAC/D,OAAO,KAAK,CAAC;SAChB;IACL,CAAC;IAEO,KAAK,CAAC,IAAY,EAAE,OAAe;QACvC,IAAG;YACC,IAAI,qBAAqB,GAAG,IAAI,6BAAa,CAAC,OAAO,CAAC,CAAC;YACvD,IAAG,CAAC,IAAI,CAAC,gBAAgB,CAAC,GAAG,CAAC,IAAI,CAAC,EAAE;gBACjC,IAAI,CAAC,gBAAgB,CAAC,GAAG,CAAC,IAAI,EAAE,qBAAqB,CAAC,CAAC;aAC1D;YACD,OAAO,IAAI,CAAC;SACf;QACD,OAAM,SAAS,EAAE;YACb,IAAI,CAAC,cAAc,IAAI,mBAAmB,GAAG,SAAS,CAAC;YACvD,OAAO,KAAK,CAAC;SAChB;IACL,CAAC;IAEO,iBAAiB,CAAC,OAAO;QAC7B,IAAI,CAAC,OAAO,IAAI,CAAC,OAAO,CAAC,OAAO,CAAC,IAAI,CAAC,GAAG,CAAC,IAAI,OAAO,CAAC,OAAO,CAAC,IAAI,CAAC,GAAG,CAAC,CAAC,EAAE;YACtE,OAAO,OAAO,CAAC;SAClB;QAED,IAAI,WAAW,CAAC;QAChB,IAAI,QAAQ,CAAC;QACb,IAAI,YAAY,GAAG,KAAK,CAAC;QACzB,IAAI,sBAAsB,GAAG,EAAE,CAAC;QAChC,IAAI,aAAa,GAAG,CAAC,CAAC;QACtB,IAAI,iBAAiB,GAAG,CAAC,CAAC;QAC1B,IAAI,gBAAgB,GAAG,CAAC,CAAC;QAEzB,KAAK,IAAI,CAAC,GAAG,CAAC,EAAE,CAAC,GAAG,OAAO,CAAC,MAAM,EAAE,CAAC,EAAE,EAAE;YACrC,WAAW,GAAG,OAAO,CAAC,CAAC,CAAC,CAAC;YACzB,QAAQ,GAAG,CAAC,GAAG,CAAC,GAAG,OAAO,CAAC,MAAM,CAAC,CAAC,CAAC,OAAO,CAAC,CAAC,GAAG,CAAC,CAAC,CAAC,CAAC,CAAC,EAAE,CAAC;YAExD,IAAI,aAAa,EAAE;gBACf,IAAI,aAAa,IAAI,iBAAiB,IAAI,CAAC,WAAW,GAAG,QAAQ,KAAK,MAAM,IAAI,WAAW,KAAK,IAAI,CAAC,EAAE;oBACnG,CAAC,EAAE,CAAC;oBACJ,aAAa,GAAG,CAAC,CAAC;oBAClB,SAAS;iBACZ;gBAED,IAAI,aAAa,IAAI,gBAAgB,IAAI,WAAW,GAAG,QAAQ,KAAK,IAAI,EAAE;oBACtE,CAAC,EAAE,CAAC;oBACJ,aAAa,GAAG,CAAC,CAAC;oBAClB,SAAS;iBACZ;aAEJ;iBAAM;gBACH,IAAI,YAAY,IAAI,WAAW,IAAI,IAAI,EAAE;oBACrC,sBAAsB,IAAI,WAAW,GAAG,QAAQ,CAAC;oBACjD,CAAC,EAAE,CAAC,CAAC,2CAA2C;oBAChD,SAAS;iBACZ;qBACI;oBACD,IAAI,WAAW,IAAI,GAAG,EAAE;wBACpB,YAAY,GAAG,CAAC,YAAY,CAAC;qBAChC;oBAED,IAAI,CAAC,YAAY,EAAE;wBACf,IAAI,WAAW,GAAG,QAAQ,KAAK,IAAI,EAAE;4BACjC,aAAa,GAAG,iBAAiB,CAAC;4BAClC,CAAC,EAAE,CAAC;yBACP;wBAED,IAAI,WAAW,GAAG,QAAQ,KAAK,IAAI,EAAE;4BACjC,aAAa,GAAG,gBAAgB,CAAC;4BACjC,CAAC,EAAE,CAAC;yBACP;qBACJ;iBACJ;aACJ;YAED,IAAI,CAAC,aAAa,EAAE;gBAChB,sBAAsB,IAAI,OAAO,CAAC,CAAC,CAAC,CAAC;aACxC;SACJ;QAED,OAAO,sBAAsB,CAAC;IAClC,CAAC;IAEO,0BAA0B,CAAC,UAAU;QACzC,IAAG,CAAC,UAAU,IAAI,OAAO,UAAU,IAAI,QAAQ,EAAE;YAC7C,OAAO;SACV;QAED,KAAI,IAAI,YAAY,IAAI,UAAU,CAAC,KAAK,EAAE;YACtC,UAAU,CAAC,KAAK,CAAC,YAAY,CAAC,GAAG,UAAU,CAAC,KAAK,CAAC,YAAY,CAAC,CAAC,OAAO,CAAC,IAAI,EAAE,sBAAsB,CAAC,CAAC;SACzG;QAED,KAAI,IAAI,QAAQ,IAAI,UAAU,CAAC,QAAQ,EAAE;YACrC,IAAI,CAAC,0BAA0B,CAAC,QAAQ,CAAC,CAAC;SAC7C;IACL,CAAC;CAIJ;AAjND,oDAiNC;AAED,IAAI,MAAM,GAAG,IAAI,oBAAoB,EAAE,CAAC;AACxC,MAAM,CAAC,GAAG,EAAE,CAAC,KAAK,CAAC,CAAC,KAAK,EAAE,EAAE;IACzB,IAAI,CAAC,SAAS,CAAC,KAAK,CAAC,CAAC;AAC1B,CAAC,CAAC,CAAC","sourcesContent":["import core = require('@actions/core');\r\n\r\nimport { EnvTreeUtility } from \"./operations/envVariableUtility\";\r\nimport { JsonSubstitution } from './operations/jsonVariableSubstitutionUtility';\r\nimport { XmlDomUtility } from \"./operations/xmlDomUtility\";\r\nimport { XmlSubstitution } from './operations/xmlVariableSubstitution';\r\nimport { findfiles } from \"./operations/utility\";\r\n\r\nimport fs = require('fs');\r\nimport yaml = require('js-yaml');\r\nimport fileEncoding = require('./operations/fileEncodingUtility');\r\n\r\nexport class VariableSubstitution {\r\n    async run() {\r\n        let filesInput = core.getInput(\"files\", { required: true });\r\n        let files = filesInput.split(\",\");\r\n        if(files.length > 0){\r\n            this.segregateFilesAndSubstitute(files);\r\n        }\r\n        else {\r\n            throw Error('File Tranformation is not enabled. Please provide JSON/XML or YAML target files for variable substitution.');\r\n        }\r\n    }\r\n    \r\n    segregateFilesAndSubstitute(files: string[]) {\r\n        let isSubstitutionApplied: boolean = false;\r\n        for(let file of files){\r\n            let matchedFiles = findfiles(file.trim());\r\n            if(matchedFiles.length == 0) {\r\n                core.error('No file matched with specific pattern: ' + file);\r\n                continue;\r\n            }\r\n            for(let file of matchedFiles) {\r\n                let fileBuffer: Buffer = fs.readFileSync(file);\r\n                let fileEncodeType = fileEncoding.detectFileEncoding(file, fileBuffer);\r\n                let fileContent: string = fileBuffer.toString(fileEncodeType.encoding as BufferEncoding);\r\n                if(fileEncodeType.withBOM) {\r\n                    fileContent = fileContent.slice(1);\r\n                }\r\n                if(this.isJson(file, fileContent)) {\r\n                    console.log(\"Applying variable substitution on JSON file: \" + file);\r\n                    let jsonSubsitution =  new JsonSubstitution();\r\n                    let jsonObject = this.fileContentCache.get(file);\r\n                    let isJsonSubstitutionApplied = jsonSubsitution.substituteJsonVariable(jsonObject, EnvTreeUtility.getEnvVarTree());\r\n                    if(isJsonSubstitutionApplied) {\r\n                        fs.writeFileSync(file, (fileEncodeType.withBOM ? '\\uFEFF' : '') + JSON.stringify(jsonObject, null, 4), { encoding: fileEncodeType.encoding as BufferEncoding });\r\n                        console.log(`Successfully updated file: ${file}`);\r\n                    }\r\n                    else {\r\n                        console.log('Skipped updating file: ' + file);\r\n                    }\r\n                    isSubstitutionApplied = isJsonSubstitutionApplied || isSubstitutionApplied;\r\n                }\r\n                else if(this.isXml(file, fileContent)) {\r\n                    console.log(\"Applying variable substitution on XML file: \" + file);   \r\n                    let xmlDomUtilityInstance: XmlDomUtility = this.fileContentCache.get(file);\r\n                    let xmlSubstitution = new XmlSubstitution(xmlDomUtilityInstance);\r\n                    let isXmlSubstitutionApplied = xmlSubstitution.substituteXmlVariables();\r\n                    if(isXmlSubstitutionApplied) {\r\n                        let xmlDocument = xmlDomUtilityInstance.getXmlDom();\r\n                        this.replaceEscapeXMLCharacters(xmlDocument);\r\n                        let domContent = ( fileEncodeType.withBOM? '\\uFEFF' : '' ) + xmlDomUtilityInstance.getContentWithHeader(xmlDocument);\r\n                        for(let replacableTokenValue in xmlSubstitution.replacableTokenValues) {\r\n                            core.debug('Substituting original value in place of temp_name: ' + replacableTokenValue);\r\n                            domContent = domContent.split(replacableTokenValue).join(xmlSubstitution.replacableTokenValues[replacableTokenValue]);\r\n                        }\r\n                        fs.writeFileSync(file, domContent, { encoding: fileEncodeType.encoding as BufferEncoding });\r\n                        console.log(`Successfully updated file: ${file}`);\r\n                    }\r\n                    else {\r\n                        console.log('Skipped updating file: ' + file);\r\n                    }\r\n                    isSubstitutionApplied = isXmlSubstitutionApplied || isSubstitutionApplied;\r\n                }                \r\n                else if(this.isYaml(file, fileContent)) {\r\n                    console.log(\"Applying variable substitution on YAML file: \" + file);\r\n                    let jsonSubsitution =  new JsonSubstitution();\r\n                    let yamlObject = this.fileContentCache.get(file);\r\n                    let isYamlSubstitutionApplied = jsonSubsitution.substituteJsonVariable(yamlObject, EnvTreeUtility.getEnvVarTree());\r\n                    if(isYamlSubstitutionApplied) {\r\n                        fs.writeFileSync(file, (fileEncodeType.withBOM ? '\\uFEFF' : '') + yaml.safeDump(yamlObject), { encoding: fileEncodeType.encoding as BufferEncoding });\r\n                        console.log(`Successfully updated config file: ${file}`);\r\n                    }\r\n                    else {\r\n                        console.log('Skipped updating file: ' + file);\r\n                    }\r\n                    isSubstitutionApplied = isYamlSubstitutionApplied || isSubstitutionApplied;\r\n                }\r\n                else {\r\n                    throw new Error(\"Could not parse file: \" + file + \"\\n\" + this.parseException);\r\n                }\r\n            }\r\n        }\r\n    \r\n        if(!isSubstitutionApplied) {\r\n            throw new Error(\"Failed to apply variable substitution\");\r\n        }\r\n    }\r\n    \r\n    private isJson(file: string, content: string): boolean {\r\n        try {\r\n            content = this.stripJsonComments(content);\r\n            let jsonObject = JSON.parse(content);\r\n            if(!this.fileContentCache.has(file)) {\r\n                this.fileContentCache.set(file, jsonObject);\r\n            }\r\n            return true;\r\n        }\r\n        catch(exception) {\r\n            this.parseException += \"JSON parse error: \" + exception + \"\\n\";\r\n            return false;\r\n        }\r\n    }\r\n    \r\n    private isYaml(file: string, content: string) : boolean {\r\n        try {\r\n            let yamlObject = yaml.safeLoad(content);\r\n            if(!this.fileContentCache.has(file)) {\r\n                this.fileContentCache.set(file, yamlObject);\r\n            }\r\n            return true;\r\n        }\r\n        catch(exception) {\r\n            this.parseException += \"YAML parse error: \" + exception + \"\\n\";\r\n            return false;\r\n        }\r\n    }\r\n    \r\n    private isXml(file: string, content: string): boolean {\r\n        try{\r\n            let ltxDomUtiltiyInstance = new XmlDomUtility(content);\r\n            if(!this.fileContentCache.has(file)) {\r\n                this.fileContentCache.set(file, ltxDomUtiltiyInstance);\r\n            }\r\n            return true;\r\n        }\r\n        catch(exception) {\r\n            this.parseException += \"XML parse error: \" + exception;\r\n            return false;\r\n        }\r\n    }\r\n    \r\n    private stripJsonComments(content) {\r\n        if (!content || (content.indexOf(\"//\") < 0 && content.indexOf(\"/*\") < 0)) {\r\n            return content;\r\n        }\r\n    \r\n        var currentChar;\r\n        var nextChar;\r\n        var insideQuotes = false;\r\n        var contentWithoutComments = '';\r\n        var insideComment = 0;\r\n        var singlelineComment = 1;\r\n        var multilineComment = 2;\r\n    \r\n        for (var i = 0; i < content.length; i++) {\r\n            currentChar = content[i];\r\n            nextChar = i + 1 < content.length ? content[i + 1] : \"\";\r\n    \r\n            if (insideComment) {\r\n                if (insideComment == singlelineComment && (currentChar + nextChar === '\\r\\n' || currentChar === '\\n')) {\r\n                    i--;\r\n                    insideComment = 0;\r\n                    continue;\r\n                }\r\n    \r\n                if (insideComment == multilineComment && currentChar + nextChar === '*/') {\r\n                    i++;\r\n                    insideComment = 0;\r\n                    continue;\r\n                }\r\n    \r\n            } else {\r\n                if (insideQuotes && currentChar == \"\\\\\") {\r\n                    contentWithoutComments += currentChar + nextChar;\r\n                    i++; // Skipping checks for next char if escaped\r\n                    continue;\r\n                }\r\n                else {\r\n                    if (currentChar == '\"') {\r\n                        insideQuotes = !insideQuotes;\r\n                    }\r\n    \r\n                    if (!insideQuotes) {\r\n                        if (currentChar + nextChar === '//') {\r\n                            insideComment = singlelineComment;\r\n                            i++;\r\n                        }\r\n    \r\n                        if (currentChar + nextChar === '/*') {\r\n                            insideComment = multilineComment;\r\n                            i++;\r\n                        }\r\n                    }\r\n                }\r\n            }\r\n    \r\n            if (!insideComment) {\r\n                contentWithoutComments += content[i];\r\n            }\r\n        }\r\n    \r\n        return contentWithoutComments;\r\n    }\r\n    \r\n    private replaceEscapeXMLCharacters(xmlDOMNode) {\r\n        if(!xmlDOMNode || typeof xmlDOMNode == 'string') {\r\n            return;\r\n        }\r\n    \r\n        for(var xmlAttribute in xmlDOMNode.attrs) {\r\n            xmlDOMNode.attrs[xmlAttribute] = xmlDOMNode.attrs[xmlAttribute].replace(/'/g, \"APOS_CHARACTER_TOKEN\");\r\n        }\r\n    \r\n        for(var xmlChild of xmlDOMNode.children) {\r\n            this.replaceEscapeXMLCharacters(xmlChild);\r\n        }\r\n    }    \r\n    \r\n    private fileContentCache = new Map<String, any>();\r\n    private parseException: string = \"\";\r\n}\r\n\r\nlet varSub = new VariableSubstitution();\r\nvarSub.run().catch((error) => {\t\r\n    core.setFailed(error);\t\r\n});"]},"_coverageSchema":"1a1c01bbd47fc00a2c39e90264f33305004495a9","hash":"6e82a8a87b43ddf98af3e5463b9ae593e9083f5f"},"/Users/tomkandula/Downloads/Projects/Tokan/__NotDeployed/Microsoft/variable-substitution/src/operations/xmlDomUtility.ts":{"path":"/Users/tomkandula/Downloads/Projects/Tokan/__NotDeployed/Microsoft/variable-substitution/src/operations/xmlDomUtility.ts","statementMap":{"0":{"start":{"line":2,"column":0},"end":{"line":2,"column":62}},"1":{"start":{"line":3,"column":0},"end":{"line":3,"column":31}},"2":{"start":{"line":4,"column":20},"end":{"line":4,"column":51}},"3":{"start":{"line":5,"column":10},"end":{"line":5,"column":24}},"4":{"start":{"line":8,"column":8},"end":{"line":8,"column":36}},"5":{"start":{"line":9,"column":8},"end":{"line":9,"column":36}},"6":{"start":{"line":10,"column":8},"end":{"line":10,"column":34}},"7":{"start":{"line":11,"column":8},"end":{"line":11,"column":44}},"8":{"start":{"line":12,"column":8},"end":{"line":12,"column":36}},"9":{"start":{"line":13,"column":8},"end":{"line":13,"column":43}},"10":{"start":{"line":16,"column":8},"end":{"line":16,"column":27}},"11":{"start":{"line":19,"column":20},"end":{"line":19,"column":44}},"12":{"start":{"line":20,"column":8},"end":{"line":25,"column":9}},"13":{"start":{"line":21,"column":28},"end":{"line":21,"column":65}},"14":{"start":{"line":22,"column":12},"end":{"line":24,"column":13}},"15":{"start":{"line":23,"column":16},"end":{"line":23,"column":47}},"16":{"start":{"line":28,"column":8},"end":{"line":28,"column":110}},"17":{"start":{"line":34,"column":8},"end":{"line":52,"column":9}},"18":{"start":{"line":35,"column":27},"end":{"line":35,"column":36}},"19":{"start":{"line":36,"column":12},"end":{"line":51,"column":13}},"20":{"start":{"line":37,"column":16},"end":{"line":37,"column":50}},"21":{"start":{"line":38,"column":34},"end":{"line":38,"column":66}},"22":{"start":{"line":39,"column":16},"end":{"line":42,"column":17}},"23":{"start":{"line":40,"column":20},"end":{"line":40,"column":37}},"24":{"start":{"line":41,"column":20},"end":{"line":41,"column":67}},"25":{"start":{"line":43,"column":16},"end":{"line":43,"column":39}},"26":{"start":{"line":44,"column":33},"end":{"line":44,"column":46}},"27":{"start":{"line":45,"column":16},"end":{"line":50,"column":17}},"28":{"start":{"line":45,"column":29},"end":{"line":45,"column":30}},"29":{"start":{"line":46,"column":40},"end":{"line":46,"column":58}},"30":{"start":{"line":47,"column":20},"end":{"line":49,"column":21}},"31":{"start":{"line":48,"column":24},"end":{"line":48,"column":61}},"32":{"start":{"line":58,"column":8},"end":{"line":59,"column":22}},"33":{"start":{"line":59,"column":12},"end":{"line":59,"column":22}},"34":{"start":{"line":60,"column":31},"end":{"line":60,"column":77}},"35":{"start":{"line":61,"column":8},"end":{"line":63,"column":9}},"36":{"start":{"line":62,"column":12},"end":{"line":62,"column":34}},"37":{"start":{"line":64,"column":8},"end":{"line":64,"column":32}},"38":{"start":{"line":70,"column":8},"end":{"line":71,"column":22}},"39":{"start":{"line":71,"column":12},"end":{"line":71,"column":22}},"40":{"start":{"line":72,"column":23},"end":{"line":72,"column":36}},"41":{"start":{"line":73,"column":24},"end":{"line":73,"column":26}},"42":{"start":{"line":74,"column":8},"end":{"line":85,"column":9}},"43":{"start":{"line":75,"column":12},"end":{"line":84,"column":13}},"44":{"start":{"line":75,"column":25},"end":{"line":75,"column":26}},"45":{"start":{"line":76,"column":32},"end":{"line":76,"column":48}},"46":{"start":{"line":77,"column":16},"end":{"line":79,"column":17}},"47":{"start":{"line":78,"column":20},"end":{"line":78,"column":48}},"48":{"start":{"line":80,"column":37},"end":{"line":80,"column":89}},"49":{"start":{"line":81,"column":16},"end":{"line":83,"column":17}},"50":{"start":{"line":82,"column":20},"end":{"line":82,"column":65}},"51":{"start":{"line":86,"column":8},"end":{"line":86,"column":25}},"52":{"start":{"line":89,"column":0},"end":{"line":89,"column":38}}},"fnMap":{"0":{"name":"(anonymous_0)","decl":{"start":{"line":7,"column":4},"end":{"line":7,"column":5}},"loc":{"start":{"line":7,"column":28},"end":{"line":14,"column":5}},"line":7},"1":{"name":"(anonymous_1)","decl":{"start":{"line":15,"column":4},"end":{"line":15,"column":5}},"loc":{"start":{"line":15,"column":16},"end":{"line":17,"column":5}},"line":15},"2":{"name":"(anonymous_2)","decl":{"start":{"line":18,"column":4},"end":{"line":18,"column":5}},"loc":{"start":{"line":18,"column":27},"end":{"line":26,"column":5}},"line":18},"3":{"name":"(anonymous_3)","decl":{"start":{"line":27,"column":4},"end":{"line":27,"column":5}},"loc":{"start":{"line":27,"column":33},"end":{"line":29,"column":5}},"line":27},"4":{"name":"(anonymous_4)","decl":{"start":{"line":33,"column":4},"end":{"line":33,"column":5}},"loc":{"start":{"line":33,"column":27},"end":{"line":53,"column":5}},"line":33},"5":{"name":"(anonymous_5)","decl":{"start":{"line":57,"column":4},"end":{"line":57,"column":5}},"loc":{"start":{"line":57,"column":35},"end":{"line":65,"column":5}},"line":57},"6":{"name":"(anonymous_6)","decl":{"start":{"line":69,"column":4},"end":{"line":69,"column":5}},"loc":{"start":{"line":69,"column":45},"end":{"line":87,"column":5}},"line":69}},"branchMap":{"0":{"loc":{"start":{"line":20,"column":8},"end":{"line":25,"column":9}},"type":"if","locations":[{"start":{"line":20,"column":8},"end":{"line":25,"column":9}},{"start":{"line":20,"column":8},"end":{"line":25,"column":9}}],"line":20},"1":{"loc":{"start":{"line":22,"column":12},"end":{"line":24,"column":13}},"type":"if","locations":[{"start":{"line":22,"column":12},"end":{"line":24,"column":13}},{"start":{"line":22,"column":12},"end":{"line":24,"column":13}}],"line":22},"2":{"loc":{"start":{"line":22,"column":16},"end":{"line":22,"column":70}},"type":"binary-expr","locations":[{"start":{"line":22,"column":16},"end":{"line":22,"column":42}},{"start":{"line":22,"column":46},"end":{"line":22,"column":70}}],"line":22},"3":{"loc":{"start":{"line":28,"column":15},"end":{"line":28,"column":109}},"type":"cond-expr","locations":[{"start":{"line":28,"column":24},"end":{"line":28,"column":104}},{"start":{"line":28,"column":107},"end":{"line":28,"column":109}}],"line":28},"4":{"loc":{"start":{"line":28,"column":25},"end":{"line":28,"column":76}},"type":"cond-expr","locations":[{"start":{"line":28,"column":46},"end":{"line":28,"column":71}},{"start":{"line":28,"column":74},"end":{"line":28,"column":76}}],"line":28},"5":{"loc":{"start":{"line":34,"column":8},"end":{"line":52,"column":9}},"type":"if","locations":[{"start":{"line":34,"column":8},"end":{"line":52,"column":9}},{"start":{"line":34,"column":8},"end":{"line":52,"column":9}}],"line":34},"6":{"loc":{"start":{"line":36,"column":12},"end":{"line":51,"column":13}},"type":"if","locations":[{"start":{"line":36,"column":12},"end":{"line":51,"column":13}},{"start":{"line":36,"column":12},"end":{"line":51,"column":13}}],"line":36},"7":{"loc":{"start":{"line":39,"column":16},"end":{"line":42,"column":17}},"type":"if","locations":[{"start":{"line":39,"column":16},"end":{"line":42,"column":17}},{"start":{"line":39,"column":16},"end":{"line":42,"column":17}}],"line":39},"8":{"loc":{"start":{"line":39,"column":20},"end":{"line":39,"column":72}},"type":"binary-expr","locations":[{"start":{"line":39,"column":20},"end":{"line":39,"column":39}},{"start":{"line":39,"column":43},"end":{"line":39,"column":72}}],"line":39},"9":{"loc":{"start":{"line":47,"column":20},"end":{"line":49,"column":21}},"type":"if","locations":[{"start":{"line":47,"column":20},"end":{"line":49,"column":21}},{"start":{"line":47,"column":20},"end":{"line":49,"column":21}}],"line":47},"10":{"loc":{"start":{"line":58,"column":8},"end":{"line":59,"column":22}},"type":"if","locations":[{"start":{"line":58,"column":8},"end":{"line":59,"column":22}},{"start":{"line":58,"column":8},"end":{"line":59,"column":22}}],"line":58},"11":{"loc":{"start":{"line":61,"column":8},"end":{"line":63,"column":9}},"type":"if","locations":[{"start":{"line":61,"column":8},"end":{"line":63,"column":9}},{"start":{"line":61,"column":8},"end":{"line":63,"column":9}}],"line":61},"12":{"loc":{"start":{"line":70,"column":8},"end":{"line":71,"column":22}},"type":"if","locations":[{"start":{"line":70,"column":8},"end":{"line":71,"column":22}},{"start":{"line":70,"column":8},"end":{"line":71,"column":22}}],"line":70},"13":{"loc":{"start":{"line":74,"column":8},"end":{"line":85,"column":9}},"type":"if","locations":[{"start":{"line":74,"column":8},"end":{"line":85,"column":9}},{"start":{"line":74,"column":8},"end":{"line":85,"column":9}}],"line":74},"14":{"loc":{"start":{"line":77,"column":16},"end":{"line":79,"column":17}},"type":"if","locations":[{"start":{"line":77,"column":16},"end":{"line":79,"column":17}},{"start":{"line":77,"column":16},"end":{"line":79,"column":17}}],"line":77},"15":{"loc":{"start":{"line":77,"column":20},"end":{"line":77,"column":77}},"type":"binary-expr","locations":[{"start":{"line":77,"column":20},"end":{"line":77,"column":53}},{"start":{"line":77,"column":57},"end":{"line":77,"column":77}}],"line":77},"16":{"loc":{"start":{"line":81,"column":16},"end":{"line":83,"column":17}},"type":"if","locations":[{"start":{"line":81,"column":16},"end":{"line":83,"column":17}},{"start":{"line":81,"column":16},"end":{"line":83,"column":17}}],"line":81},"17":{"loc":{"start":{"line":81,"column":20},"end":{"line":81,"column":63}},"type":"binary-expr","locations":[{"start":{"line":81,"column":20},"end":{"line":81,"column":34}},{"start":{"line":81,"column":38},"end":{"line":81,"column":63}}],"line":81}},"s":{"0":1,"1":1,"2":1,"3":1,"4":6,"5":6,"6":6,"7":6,"8":3,"9":3,"10":2,"11":3,"12":3,"13":3,"14":3,"15":0,"16":2,"17":228,"18":228,"19":228,"20":228,"21":228,"22":228,"23":99,"24":99,"25":228,"26":228,"27":228,"28":228,"29":540,"30":540,"31":225,"32":10,"33":0,"34":10,"35":10,"36":0,"37":10,"38":8,"39":4,"40":4,"41":4,"42":4,"43":4,"44":4,"45":6,"46":6,"47":2,"48":6,"49":6,"50":0,"51":4,"52":1},"f":{"0":6,"1":2,"2":3,"3":2,"4":228,"5":10,"6":8},"b":{"0":[3,0],"1":[0,3],"2":[3,0],"3":[2,0],"4":[0,2],"5":[228,0],"6":[228,0],"7":[99,129],"8":[228,129],"9":[225,315],"10":[0,10],"11":[0,10],"12":[4,4],"13":[4,0],"14":[2,4],"15":[6,2],"16":[0,6],"17":[6,6]},"inputSourceMap":{"version":3,"file":"/Users/tomkandula/Downloads/Projects/Tokan/__NotDeployed/Microsoft/variable-substitution/src/operations/xmlDomUtility.ts","sources":["/Users/tomkandula/Downloads/Projects/Tokan/__NotDeployed/Microsoft/variable-substitution/src/operations/xmlDomUtility.ts"],"names":[],"mappings":";;;AAAA,IAAI,aAAa,GAAG,OAAO,CAAC,sBAAsB,CAAC,CAAC;AACpD,IAAI,GAAG,GAAG,OAAO,CAAC,KAAK,CAAC,CAAC;AAEzB,MAAa,aAAa;IAMtB,YAAmB,UAAU;QAJrB,sBAAiB,GAAG,EAAE,CAAC;QAK3B,IAAI,CAAC,iBAAiB,GAAG,EAAE,CAAC;QAC5B,IAAI,CAAC,aAAa,GAAG,IAAI,CAAC;QAC1B,IAAI,CAAC,MAAM,GAAG,GAAG,CAAC,KAAK,CAAC,UAAU,CAAC,CAAC;QACpC,IAAI,CAAC,UAAU,CAAC,UAAU,CAAC,CAAC;QAC5B,IAAI,CAAC,gBAAgB,CAAC,IAAI,CAAC,MAAM,CAAC,CAAC;IACvC,CAAC;IAEM,SAAS;QACZ,OAAO,IAAI,CAAC,MAAM,CAAC;IACvB,CAAC;IAEO,UAAU,CAAC,UAAU;QACzB,IAAI,KAAK,GAAG,UAAU,CAAC,OAAO,CAAC,IAAI,CAAC,CAAC;QACrC,IAAG,KAAK,GAAG,CAAC,CAAC,EAAE;YACX,IAAI,SAAS,GAAG,UAAU,CAAC,SAAS,CAAC,CAAC,EAAC,KAAK,CAAC,CAAC,IAAI,EAAE,CAAC;YACrD,IAAG,SAAS,CAAC,UAAU,CAAC,IAAI,CAAC,IAAI,SAAS,CAAC,QAAQ,CAAC,IAAI,CAAC,EAAE;gBACvD,IAAI,CAAC,aAAa,GAAG,SAAS,CAAC;aAClC;SACJ;IACL,CAAC;IAEM,oBAAoB,CAAC,MAAM;QAC9B,OAAO,MAAM,CAAC,CAAC,CAAC,CAAC,IAAI,CAAC,aAAa,CAAC,CAAC,CAAC,IAAI,CAAC,aAAa,GAAG,IAAI,CAAC,CAAC,CAAC,EAAE,CAAC,GAAG,MAAM,CAAC,IAAI,EAAE,CAAC,QAAQ,EAAE,CAAC,CAAC,CAAC,EAAE,CAAC;IAC1G,CAAC;IAED;;OAEG;IACK,gBAAgB,CAAC,IAAI;QACzB,IAAG,IAAI,EAAC;YACJ,IAAI,QAAQ,GAAG,IAAI,CAAC,IAAI,CAAC;YACzB,IAAG,QAAQ,EAAC;gBACR,QAAQ,GAAG,QAAQ,CAAC,WAAW,EAAE,CAAC;gBAClC,IAAI,WAAW,GAAG,IAAI,CAAC,iBAAiB,CAAC,QAAQ,CAAC,CAAC;gBACnD,IAAG,WAAW,IAAI,IAAI,IAAI,CAAC,CAAC,KAAK,CAAC,OAAO,CAAC,WAAW,CAAC,CAAC,EAAE;oBACrD,WAAW,GAAG,EAAE,CAAC;oBACjB,IAAI,CAAC,iBAAiB,CAAC,QAAQ,CAAC,GAAG,WAAW,CAAC;iBAClD
[...]
.debug,\r\n        nobrace: matchOptions.nobrace,\r\n        noglobstar: matchOptions.noglobstar,\r\n        dot: matchOptions.dot,\r\n        noext: matchOptions.noext,\r\n        nocase: matchOptions.nocase,\r\n        nonull: matchOptions.nonull,\r\n        matchBase: matchOptions.matchBase,\r\n        nocomment: matchOptions.nocomment,\r\n        nonegate: matchOptions.nonegate,\r\n        flipNegate: matchOptions.flipNegate\r\n    };\r\n}\r\n\r\nfunction match(list: string[], patterns: string[] | string, patternRoot?: string, options?: MatchOptions): string[] {\r\n    // trace parameters\r\n    core.debug(`patternRoot: '${patternRoot}'`);\r\n    options = options || _getDefaultMatchOptions(); // default match options\r\n\r\n    // convert pattern to an array\r\n    if (typeof patterns == 'string') {\r\n        patterns = [patterns as string];\r\n    }\r\n\r\n    // hashtable to keep track of matches\r\n    let map: { [item: string]: boolean } = {};\r\n\r\n    let originalOptions = options;\r\n    for (let pattern of patterns) {\r\n        core.debug(`pattern: '${pattern}'`);\r\n\r\n        // trim and skip empty\r\n        pattern = (pattern || '').trim();\r\n        if (!pattern) {\r\n            core.debug('skipping empty pattern');\r\n            continue;\r\n        }\r\n\r\n        // clone match options\r\n        let options = cloneMatchOptions(originalOptions);\r\n\r\n        // skip comments\r\n        if (!options.nocomment && startsWith(pattern, '#')) {\r\n            core.debug('skipping comment');\r\n            continue;\r\n        }\r\n\r\n        // set nocomment - brace expansion could result in a leading '#'\r\n        options.nocomment = true;\r\n\r\n        // determine whether pattern is include or exclude\r\n        let negateCount = 0;\r\n        if (!options.nonegate) {\r\n            while (pattern.charAt(negateCount) == '!') {\r\n                negateCount++;\r\n            }\r\n\r\n            pattern = pattern.substring(negateCount); // trim leading '!'\r\n            if (negateCount) {\r\n                core.debug(`trimmed leading '!'. pattern: '${pattern}'`);\r\n            }\r\n        }\r\n\r\n        let isIncludePattern = negateCount == 0 ||\r\n            (negateCount % 2 == 0 && !options.flipNegate) ||\r\n            (negateCount % 2 == 1 && options.flipNegate);\r\n\r\n        // set nonegate - brace expansion could result in a leading '!'\r\n        options.nonegate = true;\r\n        options.flipNegate = false;\r\n\r\n        // expand braces - required to accurately root patterns\r\n        let expanded: string[];\r\n        let preExpanded: string = pattern;\r\n        if (options.nobrace) {\r\n            expanded = [pattern];\r\n        }\r\n        else {\r\n            // convert slashes on Windows before calling braceExpand(). unfortunately this means braces cannot\r\n            // be escaped on Windows, this limitation is consistent with current limitations of minimatch (3.0.3).\r\n            core.debug('expanding braces');\r\n            let convertedPattern = process.platform == 'win32' ? pattern.replace(/\\\\/g, '/') : pattern;\r\n            expanded = (minimatch as any).braceExpand(convertedPattern);\r\n        }\r\n\r\n        // set nobrace\r\n        options.nobrace = true;\r\n\r\n        for (let pattern of expanded) {\r\n            if (expanded.length != 1 || pattern != preExpanded) {\r\n                core.debug(`pattern: '${pattern}'`);\r\n            }\r\n\r\n            // trim and skip empty\r\n            pattern = (pattern || '').trim();\r\n            if (!pattern) {\r\n                core.debug('skipping empty pattern');\r\n                continue;\r\n            }\r\n\r\n            // root the pattern when all of the following conditions are true:\r\n            if (patternRoot &&          // patternRoot supplied\r\n                !isRooted(pattern) &&  // AND pattern not rooted\r\n                // AND matchBase:false or not basename only\r\n                (!options.matchBase || (process.platform == 'win32' ? pattern.replace(/\\\\/g, '/') : pattern).indexOf('/') >= 0)) {\r\n\r\n                pattern = ensureRooted(patternRoot, pattern);\r\n                core.debug(`rooted pattern: '${pattern}'`);\r\n            }\r\n\r\n            if (isIncludePattern) {\r\n                // apply the pattern\r\n                core.debug('applying include pattern against original list');\r\n                let matchResults: string[] = minimatch.match(list, pattern, options);\r\n                core.debug(matchResults.length + ' matches');\r\n\r\n                // union the results\r\n                for (let matchResult of matchResults) {\r\n                    map[matchResult] = true;\r\n                }\r\n            }\r\n            else {\r\n                // apply the pattern\r\n                core.debug('applying exclude pattern against original list');\r\n                let matchResults: string[] = minimatch.match(list, pattern, options);\r\n                core.debug(matchResults.length + ' matches');\r\n\r\n                // substract the results\r\n                for (let matchResult of matchResults) {\r\n                    delete map[matchResult];\r\n                }\r\n            }\r\n        }\r\n    }\r\n\r\n    // return a filtered version of the original list (preserves order and prevents duplication)\r\n    let result: string[] = list.filter((item: string) => map.hasOwnProperty(item));\r\n    core.debug(result.length + ' final results');\r\n    return result;\r\n}\r\n\r\nfunction ensureRooted(root: string, p: string) {\r\n    if (!root) {\r\n        throw new Error('ensureRooted() parameter \"root\" cannot be empty');\r\n    }\r\n\r\n    if (!p) {\r\n        throw new Error('ensureRooted() parameter \"p\" cannot be empty');\r\n    }\r\n\r\n    if (isRooted(p)) {\r\n        return p;\r\n    }\r\n\r\n    if (process.platform == 'win32' && root.match(/^[A-Z]:$/i)) { // e.g. C:\r\n        return root + p;\r\n    }\r\n\r\n    // ensure root ends with a separator\r\n    if (endsWith(root, '/') || (process.platform == 'win32' && endsWith(root, '\\\\'))) {\r\n        // root already ends with a separator\r\n    }\r\n    else {\r\n        root += path.sep; // append separator\r\n    }\r\n\r\n    return root + p;\r\n}\r\n\r\nfunction isRooted(p: string): boolean {\r\n    p = normalizeSeparators(p);\r\n    if (!p) {\r\n        throw new Error('isRooted() parameter \"p\" cannot be empty');\r\n    }\r\n\r\n    if (process.platform == 'win32') {\r\n        return startsWith(p, '\\\\') || // e.g. \\ or \\hello or \\\\hello\r\n            /^[A-Z]:/i.test(p);      // e.g. C: or C:\\hello\r\n    }\r\n\r\n    return startsWith(p, '/'); // e.g. /hello\r\n}\r\n\r\nfunction startsWith(str: string, start: string): boolean {\r\n    return str.slice(0, start.length) == start;\r\n}\r\n\r\nfunction endsWith(str: string, end: string): boolean {\r\n    return str.slice(-end.length) == end;\r\n}\r\n\r\nfunction normalizeSeparators(p: string): string {\r\n    p = p || '';\r\n    if (process.platform == 'win32') {\r\n        // convert slashes on Windows\r\n        p = p.replace(/\\//g, '\\\\');\r\n\r\n        // remove redundant slashes\r\n        let isUnc = /^\\\\\\\\+[^\\\\]/.test(p); // e.g. \\\\hello\r\n        return (isUnc ? '\\\\' : '') + p.replace(/\\\\\\\\+/g, '\\\\'); // preserve leading // for UNC\r\n    }\r\n\r\n    // remove redundant slashes\r\n    return p.replace(/\\/\\/+/g, '/');\r\n}\r\n\r\nfunction exist(path: string): boolean {\r\n    let exist = false;\r\n    try {\r\n        exist = !!(path && fs.statSync(path) != null);\r\n    } catch (err) {\r\n        if (err && err.code === 'ENOENT') {\r\n            exist = false;\r\n        } else {\r\n            throw err;\r\n        }\r\n    }\r\n    return exist;\r\n}"]},"_coverageSchema":"1a1c01bbd47fc00a2c39e90264f33305004495a9","hash":"00de70c8cd285cb1ad2afa21014b69e62cebee61"},"/Users/tomkandula/Downloads/Projects/Tokan/__NotDeployed/Microsoft/variable-substitution/src/operations/fileEncodingUtility.ts":{"path":"/Users/tomkandula/Downloads/Projects/Tokan/__NotDeployed/Microsoft/variable-substitution/src/operations/fileEncodingUtility.ts","statementMap":{"0":{"start":{"line":2,"column":0},"end":{"line":2,"column":62}},"1":{"start":{"line":3,"column":0},"end":{"line":3,"column":36}},"2":{"start":{"line":4,"column":13},"end":{"line":4,"column":37}},"3":{"start":{"line":6,"column":4},"end":{"line":6,"column":52}},"4":{"start":{"line":7,"column":4},"end":{"line":27,"column":5}},"5":{"start":{"line":8,"column":8},"end":{"line":11,"column":10}},"6":{"start":{"line":13,"column":9},"end":{"line":27,"column":5}},"7":{"start":{"line":14,"column":8},"end":{"line":14,"column":195}},"8":{"start":{"line":16,"column":9},"end":{"line":27,"column":5}},"9":{"start":{"line":17,"column":8},"end":{"line":17,"column":195}},"10":{"start":{"line":19,"column":9},"end":{"line":27,"column":5}},"11":{"start":{"line":20,"column":8},"end":{"line":23,"column":10}},"12":{"start":{"line":25,"column":9},"end":{"line":27,"column":5}},"13":{"start":{"line":26,"column":8},"end":{"line":26,"column":195}},"14":{"start":{"line":28,"column":4},"end":{"line":28,"column":59}},"15":{"start":{"line":29,"column":4},"end":{"line":29,"column":16}},"16":{"start":{"line":32,"column":4},"end":{"line":32,"column":54}},"17":{"start":{"line":33,"column":19},"end":{"line":33,"column":20}},"18":{"start":{"line":34,"column":4},"end":{"line":37,"column":5}},"19":{"start":{"line":34,"column":21},"end":{"line":34,"column":22}},"20":{"start":{"line":35,"column":8},"end":{"line":35,"column":33}},"21":{"start":{"line":36,"column":8},"end":{"line":36,"column":58}},"22":{"start":{"line":38,"column":4},"end":{"line":57,"column":5}},"23":{"start":{"line":40,"column":12},"end":{"line":40,"column":200}},"24":{"start":{"line":42,"column":12},"end":{"line":42,"column":200}},"25":{"start":{"line":44,"column":12},"end":{"line":44,"column":200}},"26":{"start":{"line":46,"column":12},"end":{"line":49,"column":14}},"27":{"start":{"line":51,"column":12},"end":{"line":54,"column":14}},"28":{"start":{"line":56,"column":12},"end":{"line":56,"column":147}},"29":{"start":{"line":60,"column":4},"end":{"line":62,"column":5}},"30":{"start":{"line":61,"column":8},"end":{"line":61,"column":86}},"31":{"start":{"line":63,"column":23},"end":{"line":63,"column":116}},"32":{"start":{"line":64,"column":4},"end":{"line":64,"column":24}},"33":{"start":{"line":66,"column":0},"end":{"line":66,"column":48}}},"fnMap":{"0":{"name":"detectFileEncodingWithBOM","decl":{"start":{"line":5,"column":9},"end":{"line":5,"column":34}},"loc":{"start":{"line":5,"column":53},"end":{"line":30,"column":1}},"line":5},"1":{"name":"detectFileEncodingWithoutBOM","decl":{"start":{"line":31,"column":9},"end":{"line":31,"column":37}},"loc":{"start":{"line":31,"column":56},"end":{"line":58,"column":1}},"line":31},"2":{"name":"detectFileEncoding","decl":{"start":{"line":59,"column":9},"end":{"line":59,"column":27}},"loc":{"start":{"line":59,"column":46},"end":{"line":65,"column":1}},"line":59}},"branchMap":{"0":{"loc":{"start":{"line":7,"column":4},"end":{"line":27,"column":5}},"type":"if","locations":[{"start":{"line":7,"column":4},"end":{"line":27,"column":5}},{"start":{"line":7,"column":4},"end":{"line":27,"column":5}}],"line":7},"1":{"loc":{"start":{"line":13,"column":9},"end":{"line":27,"column":5}},"type":"if","locations":[{"start":{"line":13,"column":9},"end":{"line":27,"column":5}},{"start":{"line":13,"column":9},"end":{"line":27,"column":5}}],"line":13},"2":{"loc":{"start":{"line":16,"column":9},"end":{"line":27,"column":5}},"type":"if","locations":[{"start":{"line":16,"column":9},"end":{"line":27,"column":5}},{"start":{"line":16,"column":9},"end":{"line":27,"column":5}}],"line":16},"3":{"loc":{"start":{"line":19,"column":9},"end":{"line":27,"column":5}},"type":"if","locations":[{"start":{"line":19,"column":9},"end":{"line":27,"column":5}},{"start":{"line":19,"column":9},"end":{"line":27,"column":5}}],"line":19},"4":{"loc":{"start":{"line":25,"column":9},"end":{"line":27,"column":5}},"type":"if","locations":[{"start":{"line":25,"column":9},"end":{"line":27,"column":5}},{"start":{"line":25,"column":9},"end":{"line":27,"column":5}}],"line":25},"5":{"loc":{"start":{"line":36,"column":31},"end":{"line":36,"column":56}},"type":"cond-expr","locations":[{"start":{"line":36,"column":51},"end":{"line":36,"column":52}},{"start":{"line":36,"column":55},"end":{"line":36,"column":56}}],"line":36},"6":{"loc":{"start":{"line":38,"column":4},"end":{"line":57,"column":5}},"type":"switch","locations":[{"start":{"line":39,"column":8},"end":{"line":40,"column":200}},{"start":{"line":41,"column":8},"end":{"line":42,"column":200}},{"start":{"line":43,"column":8},"end":{"line":44,"column":200}},{"start":{"line":45,"column":8},"end":{"line":49,"column":14}},{"start":{"line":50,"column":8},"end":{"line":54,"column":14}},{"start":{"line":55,"column":8},"end":{"line":56,"column":147}}],"line":38},"7":{"loc":{"start":{"line":60,"column":4},"end":{"line":62,"column":5}},"type":"if","locations":[{"start":{"line":60,"column":4},"end":{"line":62,"column":5}},{"start":{"line":60,"column":4},"end":{"line":62,"column":5}}],"line":60},"8":{"loc":{"start":{"line":63,"column":23},"end":{"line":63,"column":116}},"type":"binary-expr","locations":[{"start":{"line":63,"column":23},"end":{"line":63,"column":66}},{"start":{"line":63,"column":70},"end":{"line":63,"column":116}}],"line":63}},"s":{"0":1,"1":1,"2":1,"3":5,"4":5,"5":1,"6":4,"7":0,"8":4,"9":0,"10":4,"11":0,"12":4,"13":0,"14":4,"15":4,"16":4,"17":4,"18":4,"19":4,"20":16,"21":16,"22":4,"23":0,"24":0,"25":0,"26":0,"27":4,"28":0,"29":5,"30":0,"31":5,"32":5,"33":1},"f":{"0":5,"1":4,"2":5},"b":{"0":[1,4],"1":[0,4],"2":[0,4],"3":[0,4],"4":[0,4],"5":[16,0],"6":[0,0,0,0,4,0],"7":[0,5],"8":[5,4]},"inputSourceMap":{"version":3,"file":"/Users/tomkandula/Downloads/Projects/Tokan/__NotDeployed/Microsoft/variable-substitution/src/operations/fileEncodingUtility.ts","sources":["/Users/tomkandula/Downloads/Projects/Tokan/__NotDeployed/Microsoft/variable-substitution/src/operations/fileEncodingUtility.ts"],"names":[],"mappings":";;;AAAA,sCAAuC;AAOvC,SAAS,yBAAyB,CAAC,QAAgB,EAAE,MAAc;IAC/D,IAAI,CAAC,KAAK,CAAC,mCAAmC,CAAC,CAAC;IAChD,IAAG,MAAM,CAAC,KAAK,CAAC,CAAC,EAAC,CAAC,CAAC,CAAC,MAAM,CAAC,MAAM,CAAC,IAAI,CAAC,CAAC,GAAG,EAAE,GAAG,EAAE,GAAG,CAAC,CAAC,CAAC,EAAE;QACvD,OAAO;YACH,QAAQ,EAAE,OAAO;YACjB,OAAO,EAAE,IAAI;SAChB,CAAC;KACL;SACI,IAAG,MAAM,CAAC,KAAK,CAAC,CAAC,EAAC,CAAC,CAAC,CAAC,MAAM,CAAC,MAAM,CAAC,IAAI,CAAC,CAAC,GAAG,EAAE,GAAG,EAAE,CAAC,EAAE,CAAC,CAAC,CAAC,CAAC,EAAE;QAC7D,MAAM,KAAK,CAAC,sCAAsC,QAAQ,+HAA+H,CAAC,CAAC;KAC9L;SACI,IAAG,MAAM,CAAC,KAAK,CAAC,CAAC,EAAC,CAAC,CAAC,CAAC,MAAM,CAAC,MAAM,CAAC,IAAI,CAAC,CAAC,GAAG,EAAE,GAAG,CAAC,CAAC,CAAC,EAAE;QACvD,MAAM,KAAK,CAAC,sCAAsC,QAAQ,+HAA+H,CAAC,CAAC;KAC9L;SACI,IAAG,MAAM,CAAC,KAAK,CAAC,CAAC,EAAC,CAAC,CAAC,CAAC,MAAM,CAAC,MAAM,CAAC,IAAI,CAAC,CAAC,GAAG,EAAE,GAAG,CAAC,CAAC,CAAC,EAAE;QACvD,OAAO;YACH,QAAQ,EAAE,UAAU;YACpB,OAAO,EAAE,IAAI;SAChB,CAAC;KACL;SACI,IAAG,MAAM,CAAC,KAAK,CAAC,CAAC,EAAC,CAAC,CAAC,CAAC,MAAM,CAAC,MAAM,CAAC,IAAI,CAAC,CAAC,CAAC,EAAE,CAAC,EAAE,GAAG,EAAE,GAAG,CAAC,CAAC,CAAC,EAAE;QAC7D,MAAM,KAAK,CAAC,sCAAsC,QAAQ,+HAA+H,CAAC,CAAC;KAC9L;IACD,IAAI,CAAC,KAAK,CAAC,0CAA0C,CAAC,CAAC;IACvD,OAAO,IAAI,CAAC;AAChB,CAAC;AAED,SAAS,4BAA4B,CAAC,QAAgB,EAAE,MAAc;IAClE,IAAI,CAAC,KAAK,CAAC,qCAAqC,CAAC,CAAC;IAClD,IAAI,QAAQ,GAAG,CAAC,CAAC;IACjB,KAAI,IAAI,KAAK,GAAG,CAAC,EAAE,KAAK,GAAG,CAAC,EAAE,KAAK,EAAE,EAAE;QACnC,QAAQ,GAAG,QAAQ,IAAI,CAAC,CAAC;QACzB,QAAQ,GAAG,QAAQ,GAAG,CAAC,MAAM,CAAC,KAAK,CAAC,GAAG,CAAC,CAAC,CAAC,CAAC,CAAC,CAAC,CAAC,CAAC,CAAC,CAAC,CAAC;KACrD;IACD,QAAO,QAAQ,EAAE;QACb,KAAK,CAAC;YACF,MAAM,KAAK,CAAC,sCAAsC,QAAQ,gIAAgI,CAAC,CAAC;QAChM,KAAK,CAAC;YACF,MAAM,KAAK,CAAC,sCAAsC,QAAQ,gIAAgI,CAAC,CAAC;QAChM,KAAK,CAAC;YACF,MAAM,KAAK,CAAC,sCAAsC,QAAQ,gIAAgI,CAAC,CAAC;QAChM,KAAK,EAAE;YACH,OAAO;gBACH,QAAQ,EAAE,UAAU;gBACpB,OAAO,EAAE,KAAK;aACjB,CAAC;QACN,KAAK,EAAE;YACH,OAAO;gBACH,QAAQ,EAAE,OAAO;gBACjB,OAAO,EAAE,KAAK;aACjB,CAAC;QACN;YACI,MAAM,KAAK,CAAC,yCAAyC,QAAQ,eAAe,QAAQ,iDAAiD,CAAC,CAAC;KAC9I;AACL,CAAC;AAED,SAAgB,kBAAkB,CAAC,QAAgB,EAAE,MAAc;IAC/D,IAAG,MAAM,CAAC,MAAM,GAAG,CAAC,EAAE;QAClB,MAAM,KAAK,CAAC,sDAAsD,QAAQ,EAAE,CAAC,CAAC;KACjF;IACD,IAAI,YAAY,GAAG,yBAAyB,CAAC,QAAQ,EAAE,MAAM,CAAC,IAAI,4BAA4B,CAAC,QAAQ,EAAE,MAAM,CAAC,CAAC;IACjH,OAAO,YAAY,CAAC;AACxB,CAAC;AAND,gDAMC","sourcesContent":["import core = require(\"@actions/core\");\r\n\r\nexport interface fileEncoding {\r\n    encoding: string,\r\n    withBOM: boolean\r\n}\r\n\r\nfunction detectFileEncodingWithBOM(fileName: string, buffer: Buffer): fileEncoding {\r\n    core.debug('Detecting file encoding using BOM');\r\n    if(buffer.slice(0,3).equals(Buffer.from([239, 187, 191]))) {\r\n        return {\r\n            encoding: 'utf-8', \r\n            withBOM: true\r\n        };\r\n    }\r\n    else if(buffer.slice(0,4).equals(Buffer.from([255, 254, 0, 0]))) {\r\n        throw Error(`Detected file encoding of the file ${fileName} as UTF-32LE. Variable substitution is not supported with file encoding UTF-32LE. Supported encodings are UTF-8 and UTF-16LE.`);\r\n    }\r\n    else if(buffer.slice(0,2).equals(Buffer.from([254, 255]))) {\r\n        throw Error(`Detected file encoding of the file ${fileName} as UTF-32BE. Variable substitution is not supported with file encoding UTF-32BE. Supported encodings are UTF-8 and UTF-16LE.`);\r\n    }\r\n    else if(buffer.slice(0,2).equals(Buffer.from([255, 254]))) {\r\n        return {\r\n            encoding: 'utf-16le', \r\n            withBOM: true\r\n        };\r\n    }\r\n    else if(buffer.slice(0,4).equals(Buffer.from([0, 0, 254, 255]))) {\r\n        throw Error(`Detected file encoding of the file ${fileName} as UTF-32BE. Variable substitution is not supported with file encoding UTF-32BE. Supported encodings are UTF-8 and UTF-16LE.`);\r\n    }\r\n    core.debug('Unable to detect File encoding using BOM');\r\n    return null;\r\n}\r\n\r\nfunction detectFileEncodingWithoutBOM(fileName: string, buffer: Buffer): fileEncoding {\r\n    core.debug('Detecting file encoding without BOM');\r\n    let typeCode = 0;\r\n    for(let index = 0; index < 4; index++) {\r\n        typeCode = typeCode << 1;\r\n        typeCode = typeCode | (buffer[index] > 0 ? 1 : 0);\r\n    }\r\n    switch(typeCode) {\r\n        case 1:\r\n            throw Error(`Detected file encoding of the file ${fileName} as UTF-32BE. Variable substitution is not supported with file encoding UTF-32BE. Supported encodings are UTF-8 and UTF-16 LE.`);\r\n        case 5:\r\n            throw Error(`Detected file encoding of the file ${fileName} as UTF-16BE. Variable substitution is not supported with file encoding UTF-16BE. Supported encodings are UTF-8 and UTF-16 LE.`);\r\n        case 8:\r\n            throw Error(`Detected file encoding of the file ${fileName} as UTF-32LE. Variable substitution is not supported with file encoding UTF-32LE. Supported encodings are UTF-8 and UTF-16 LE.`);\r\n        case 10:\r\n            return {\r\n                encoding: 'utf-16le',\r\n                withBOM: false\r\n            };\r\n        case 15:\r\n            return {\r\n                encoding: 'utf-8', \r\n                withBOM: false\r\n            };\r\n        default:\r\n            throw Error(`Unable to detect encoding of the file ${fileName} (typeCode: ${typeCode}). Supported encodings are UTF-8 and UTF-16 LE.`);\r\n    }\r\n}\r\n\r\nexport function detectFileEncoding(fileName: string, buffer: Buffer): fileEncoding {\r\n    if(buffer.length < 4) {\r\n        throw Error(`File buffer is too short to detect encoding type : ${fileName}`);\r\n    }\r\n    let fileEncoding = detectFileEncodingWithBOM(fileName, buffer) || detectFileEncodingWithoutBOM(fileName, buffer);\r\n    return fileEncoding;\r\n}"]},"_coverageSchema":"1a1c01bbd47fc00a2c39e90264f33305004495a9","hash":"85dc28796e927765c90bee61bee29a4906a5449d"}}